Get:53 http://us-west-2.ec2.archive.ubuntu.com/ubuntu jammy/main amd64 libalgori                                                                thm-diff-perl all 1.201-1 [41.8 kB]
Get:54 http://us-west-2.ec2.archive.ubuntu.com/ubuntu jammy/main amd64 libalgori                                                                thm-diff-xs-perl amd64 0.04-6build3 [11.9 kB]
Get:55 http://us-west-2.ec2.archive.ubuntu.com/ubuntu jammy/main amd64 libalgori                                                                thm-merge-perl all 0.08-3 [12.0 kB]
Get:56 http://us-west-2.ec2.archive.ubuntu.com/ubuntu jammy/main amd64 libfontco                                                                nfig1 amd64 2.13.1-4.2ubuntu5 [131 kB]
Get:57 http://us-west-2.ec2.archive.ubuntu.com/ubuntu jammy/main amd64 libjpeg-t                                                                urbo8 amd64 2.1.2-0ubuntu1 [134 kB]
Get:58 http://us-west-2.ec2.archive.ubuntu.com/ubuntu jammy/main amd64 libjpeg8                                                                 amd64 8c-2ubuntu10 [2264 B]
Get:59 http://us-west-2.ec2.archive.ubuntu.com/ubuntu jammy/main amd64 libdeflat                                                                e0 amd64 1.10-2 [70.9 kB]
Get:60 http://us-west-2.ec2.archive.ubuntu.com/ubuntu jammy/main amd64 libjbig0                                                                 amd64 2.1-3.1build3 [28.9 kB]
Get:61 http://us-west-2.ec2.archive.ubuntu.com/ubuntu jammy/main amd64 libwebp7                                                                 amd64 1.2.2-2 [206 kB]
Get:62 http://us-west-2.ec2.archive.ubuntu.com/ubuntu jammy-updates/main amd64 l                                                                ibtiff5 amd64 4.3.0-6ubuntu0.1 [183 kB]
Get:63 http://us-west-2.ec2.archive.ubuntu.com/ubuntu jammy/main amd64 libxpm4 a                                                                md64 1:3.5.12-1build2 [36.2 kB]
Get:64 http://us-west-2.ec2.archive.ubuntu.com/ubuntu jammy/main amd64 libgd3 am                                                                d64 2.3.0-2ubuntu2 [129 kB]
Get:65 http://us-west-2.ec2.archive.ubuntu.com/ubuntu jammy-updates/main amd64 l                                                                ibc-devtools amd64 2.35-0ubuntu3.1 [28.9 kB]
Get:66 http://us-west-2.ec2.archive.ubuntu.com/ubuntu jammy/main amd64 libexpat1                                                                -dev amd64 2.4.7-1 [147 kB]
Get:67 http://us-west-2.ec2.archive.ubuntu.com/ubuntu jammy/main amd64 libfile-f                                                                cntllock-perl amd64 0.22-3build7 [33.9 kB]
Get:68 http://us-west-2.ec2.archive.ubuntu.com/ubuntu jammy/main amd64 libjs-jqu                                                                ery all 3.6.0+dfsg+~3.5.13-1 [321 kB]
Get:69 http://us-west-2.ec2.archive.ubuntu.com/ubuntu jammy/main amd64 libjs-und                                                                erscore all 1.13.2~dfsg-2 [118 kB]
Get:70 http://us-west-2.ec2.archive.ubuntu.com/ubuntu jammy/main amd64 libjs-sph                                                                inxdoc all 4.3.2-1 [139 kB]
Get:71 http://us-west-2.ec2.archive.ubuntu.com/ubuntu jammy-updates/main amd64 z                                                                lib1g-dev amd64 1:1.2.11.dfsg-2ubuntu9.1 [164 kB]
Get:72 http://us-west-2.ec2.archive.ubuntu.com/ubuntu jammy-updates/main amd64 l                                                                ibpython3.10-dev amd64 3.10.6-1~22.04 [4755 kB]
Get:73 http://us-west-2.ec2.archive.ubuntu.com/ubuntu jammy-updates/main amd64 l                                                                ibpython3-dev amd64 3.10.6-1~22.04 [7166 B]
Get:74 http://us-west-2.ec2.archive.ubuntu.com/ubuntu jammy/main amd64 manpages-                                                                dev all 5.10-1ubuntu1 [2309 kB]
Get:75 http://us-west-2.ec2.archive.ubuntu.com/ubuntu jammy-updates/main amd64 p                                                                ython3.10-dev amd64 3.10.6-1~22.04 [507 kB]
Get:76 http://us-west-2.ec2.archive.ubuntu.com/ubuntu jammy-updates/main amd64 p                                                                ython3-dev amd64 3.10.6-1~22.04 [26.0 kB]
Get:77 http://us-west-2.ec2.archive.ubuntu.com/ubuntu jammy/universe amd64 pytho                                                                n3-wheel all 0.37.1-2 [31.9 kB]
Get:78 http://us-west-2.ec2.archive.ubuntu.com/ubuntu jammy/universe amd64 pytho                                                                n3-pip all 22.0.2+dfsg-1 [1306 kB]
Fetched 79.6 MB in 2s (42.7 MB/s)
Extracting templates from packages: 100%
(Reading database ... 63663 files and directories currently installed.)
Preparing to unpack .../zlib1g_1%3a1.2.11.dfsg-2ubuntu9.1_amd64.deb ...
Unpacking zlib1g:amd64 (1:1.2.11.dfsg-2ubuntu9.1) over (1:1.2.11.dfsg-2ubuntu9)                                                                 ...
Setting up zlib1g:amd64 (1:1.2.11.dfsg-2ubuntu9.1) ...
(Reading database ... 63663 files and directories currently installed.)
Preparing to unpack .../0-libpython3.10_3.10.6-1~22.04_amd64.deb ...
Unpacking libpython3.10:amd64 (3.10.6-1~22.04) over (3.10.4-3ubuntu0.1) ...
Preparing to unpack .../1-python3.10_3.10.6-1~22.04_amd64.deb ...
Unpacking python3.10 (3.10.6-1~22.04) over (3.10.4-3ubuntu0.1) ...
Preparing to unpack .../2-python3-distutils_3.10.6-1~22.04_all.deb ...
Unpacking python3-distutils (3.10.6-1~22.04) over (3.10.4-0ubuntu1) ...
Preparing to unpack .../3-python3-lib2to3_3.10.6-1~22.04_all.deb ...
Unpacking python3-lib2to3 (3.10.6-1~22.04) over (3.10.4-0ubuntu1) ...
Preparing to unpack .../4-libpython3.10-stdlib_3.10.6-1~22.04_amd64.deb ...
Unpacking libpython3.10-stdlib:amd64 (3.10.6-1~22.04) over (3.10.4-3ubuntu0.1) .                                                                ..
Preparing to unpack .../5-python3.10-minimal_3.10.6-1~22.04_amd64.deb ...
Unpacking python3.10-minimal (3.10.6-1~22.04) over (3.10.4-3ubuntu0.1) ...
Preparing to unpack .../6-libpython3.10-minimal_3.10.6-1~22.04_amd64.deb ...
Unpacking libpython3.10-minimal:amd64 (3.10.6-1~22.04) over (3.10.4-3ubuntu0.1)                                                                 ...
Setting up libpython3.10-minimal:amd64 (3.10.6-1~22.04) ...
Setting up python3.10-minimal (3.10.6-1~22.04) ...
(Reading database ... 63793 files and directories currently installed.)
Preparing to unpack .../python3-minimal_3.10.6-1~22.04_amd64.deb ...
Unpacking python3-minimal (3.10.6-1~22.04) over (3.10.4-0ubuntu2) ...
Setting up python3-minimal (3.10.6-1~22.04) ...
(Reading database ... 63793 files and directories currently installed.)
Preparing to unpack .../python3_3.10.6-1~22.04_amd64.deb ...
running python pre-rtupdate hooks for python3.10...
Unpacking python3 (3.10.6-1~22.04) over (3.10.4-0ubuntu2) ...
Preparing to unpack .../libpython3-stdlib_3.10.6-1~22.04_amd64.deb ...
Unpacking libpython3-stdlib:amd64 (3.10.6-1~22.04) over (3.10.4-0ubuntu2) ...
Preparing to unpack .../gcc-12-base_12.1.0-2ubuntu1~22.04_amd64.deb ...
Unpacking gcc-12-base:amd64 (12.1.0-2ubuntu1~22.04) over (12-20220319-1ubuntu1)                                                                 ...
Setting up gcc-12-base:amd64 (12.1.0-2ubuntu1~22.04) ...
(Reading database ... 63793 files and directories currently installed.)
Preparing to unpack .../libstdc++6_12.1.0-2ubuntu1~22.04_amd64.deb ...
Unpacking libstdc++6:amd64 (12.1.0-2ubuntu1~22.04) over (12-20220319-1ubuntu1) .                                                                ..
Setting up libstdc++6:amd64 (12.1.0-2ubuntu1~22.04) ...
(Reading database ... 63793 files and directories currently installed.)
Preparing to unpack .../libgcc-s1_12.1.0-2ubuntu1~22.04_amd64.deb ...
Unpacking libgcc-s1:amd64 (12.1.0-2ubuntu1~22.04) over (12-20220319-1ubuntu1) ..                                                                .
Setting up libgcc-s1:amd64 (12.1.0-2ubuntu1~22.04) ...
Selecting previously unselected package libc-dev-bin.
(Reading database ... 63793 files and directories currently installed.)
Preparing to unpack .../00-libc-dev-bin_2.35-0ubuntu3.1_amd64.deb ...
Unpacking libc-dev-bin (2.35-0ubuntu3.1) ...
Selecting previously unselected package linux-libc-dev:amd64.
Preparing to unpack .../01-linux-libc-dev_5.15.0-50.56_amd64.deb ...
Unpacking linux-libc-dev:amd64 (5.15.0-50.56) ...
Selecting previously unselected package libcrypt-dev:amd64.
Preparing to unpack .../02-libcrypt-dev_1%3a4.4.27-1_amd64.deb ...
Unpacking libcrypt-dev:amd64 (1:4.4.27-1) ...
Selecting previously unselected package rpcsvc-proto.
Preparing to unpack .../03-rpcsvc-proto_1.4.2-0ubuntu6_amd64.deb ...
Unpacking rpcsvc-proto (1.4.2-0ubuntu6) ...
Selecting previously unselected package libtirpc-dev:amd64.
Preparing to unpack .../04-libtirpc-dev_1.3.2-2ubuntu0.1_amd64.deb ...
Unpacking libtirpc-dev:amd64 (1.3.2-2ubuntu0.1) ...
Selecting previously unselected package libnsl-dev:amd64.
Preparing to unpack .../05-libnsl-dev_1.3.0-2build2_amd64.deb ...
Unpacking libnsl-dev:amd64 (1.3.0-2build2) ...
Selecting previously unselected package libc6-dev:amd64.
Preparing to unpack .../06-libc6-dev_2.35-0ubuntu3.1_amd64.deb ...
Unpacking libc6-dev:amd64 (2.35-0ubuntu3.1) ...
Selecting previously unselected package gcc-11-base:amd64.
Preparing to unpack .../07-gcc-11-base_11.2.0-19ubuntu1_amd64.deb ...
Unpacking gcc-11-base:amd64 (11.2.0-19ubuntu1) ...
Selecting previously unselected package libisl23:amd64.
Preparing to unpack .../08-libisl23_0.24-2build1_amd64.deb ...
Unpacking libisl23:amd64 (0.24-2build1) ...
Selecting previously unselected package libmpc3:amd64.
Preparing to unpack .../09-libmpc3_1.2.1-2build1_amd64.deb ...
Unpacking libmpc3:amd64 (1.2.1-2build1) ...
Selecting previously unselected package cpp-11.
Preparing to unpack .../10-cpp-11_11.2.0-19ubuntu1_amd64.deb ...
Unpacking cpp-11 (11.2.0-19ubuntu1) ...
Selecting previously unselected package cpp.
Preparing to unpack .../11-cpp_4%3a11.2.0-1ubuntu1_amd64.deb ...
Unpacking cpp (4:11.2.0-1ubuntu1) ...
Selecting previously unselected package libcc1-0:amd64.
Preparing to unpack .../12-libcc1-0_12.1.0-2ubuntu1~22.04_amd64.deb ...
Unpacking libcc1-0:amd64 (12.1.0-2ubuntu1~22.04) ...
Selecting previously unselected package libgomp1:amd64.
Preparing to unpack .../13-libgomp1_12.1.0-2ubuntu1~22.04_amd64.deb ...
Unpacking libgomp1:amd64 (12.1.0-2ubuntu1~22.04) ...
Selecting previously unselected package libitm1:amd64.
Preparing to unpack .../14-libitm1_12.1.0-2ubuntu1~22.04_amd64.deb ...
Unpacking libitm1:amd64 (12.1.0-2ubuntu1~22.04) ...
Selecting previously unselected package libatomic1:amd64.
Preparing to unpack .../15-libatomic1_12.1.0-2ubuntu1~22.04_amd64.deb ...
Unpacking libatomic1:amd64 (12.1.0-2ubuntu1~22.04) ...
Selecting previously unselected package libasan6:amd64.
Preparing to unpack .../16-libasan6_11.2.0-19ubuntu1_amd64.deb ...
Unpacking libasan6:amd64 (11.2.0-19ubuntu1) ...
Selecting previously unselected package liblsan0:amd64.
Preparing to unpack .../17-liblsan0_12.1.0-2ubuntu1~22.04_amd64.deb ...
Unpacking liblsan0:amd64 (12.1.0-2ubuntu1~22.04) ...
Selecting previously unselected package libtsan0:amd64.
Preparing to unpack .../18-libtsan0_11.2.0-19ubuntu1_amd64.deb ...
Unpacking libtsan0:amd64 (11.2.0-19ubuntu1) ...
Selecting previously unselected package libubsan1:amd64.
Preparing to unpack .../19-libubsan1_12.1.0-2ubuntu1~22.04_amd64.deb ...
Unpacking libubsan1:amd64 (12.1.0-2ubuntu1~22.04) ...
Selecting previously unselected package libquadmath0:amd64.
Preparing to unpack .../20-libquadmath0_12.1.0-2ubuntu1~22.04_amd64.deb ...
Unpacking libquadmath0:amd64 (12.1.0-2ubuntu1~22.04) ...
Selecting previously unselected package libgcc-11-dev:amd64.
Preparing to unpack .../21-libgcc-11-dev_11.2.0-19ubuntu1_amd64.deb ...
Unpacking libgcc-11-dev:amd64 (11.2.0-19ubuntu1) ...
Selecting previously unselected package gcc-11.
Preparing to unpack .../22-gcc-11_11.2.0-19ubuntu1_amd64.deb ...
Unpacking gcc-11 (11.2.0-19ubuntu1) ...
Selecting previously unselected package gcc.
Preparing to unpack .../23-gcc_4%3a11.2.0-1ubuntu1_amd64.deb ...
Unpacking gcc (4:11.2.0-1ubuntu1) ...
Selecting previously unselected package libstdc++-11-dev:amd64.
Preparing to unpack .../24-libstdc++-11-dev_11.2.0-19ubuntu1_amd64.deb ...
Unpacking libstdc++-11-dev:amd64 (11.2.0-19ubuntu1) ...
Selecting previously unselected package g++-11.
Preparing to unpack .../25-g++-11_11.2.0-19ubuntu1_amd64.deb ...
Unpacking g++-11 (11.2.0-19ubuntu1) ...
Selecting previously unselected package g++.
Preparing to unpack .../26-g++_4%3a11.2.0-1ubuntu1_amd64.deb ...
Unpacking g++ (4:11.2.0-1ubuntu1) ...
Selecting previously unselected package make.
Preparing to unpack .../27-make_4.3-4.1build1_amd64.deb ...
Unpacking make (4.3-4.1build1) ...
Selecting previously unselected package libdpkg-perl.
Preparing to unpack .../28-libdpkg-perl_1.21.1ubuntu2.1_all.deb ...
Unpacking libdpkg-perl (1.21.1ubuntu2.1) ...
Selecting previously unselected package bzip2.
Preparing to unpack .../29-bzip2_1.0.8-5build1_amd64.deb ...
Unpacking bzip2 (1.0.8-5build1) ...
Selecting previously unselected package lto-disabled-list.
Preparing to unpack .../30-lto-disabled-list_24_all.deb ...
Unpacking lto-disabled-list (24) ...
Selecting previously unselected package dpkg-dev.
Preparing to unpack .../31-dpkg-dev_1.21.1ubuntu2.1_all.deb ...
Unpacking dpkg-dev (1.21.1ubuntu2.1) ...
Selecting previously unselected package build-essential.
Preparing to unpack .../32-build-essential_12.9ubuntu3_amd64.deb ...
Unpacking build-essential (12.9ubuntu3) ...
Selecting previously unselected package libfakeroot:amd64.
Preparing to unpack .../33-libfakeroot_1.28-1ubuntu1_amd64.deb ...
Unpacking libfakeroot:amd64 (1.28-1ubuntu1) ...
Selecting previously unselected package fakeroot.
Preparing to unpack .../34-fakeroot_1.28-1ubuntu1_amd64.deb ...
Unpacking fakeroot (1.28-1ubuntu1) ...
Selecting previously unselected package fonts-dejavu-core.
Preparing to unpack .../35-fonts-dejavu-core_2.37-2build1_all.deb ...
Unpacking fonts-dejavu-core (2.37-2build1) ...
Selecting previously unselected package fontconfig-config.
Preparing to unpack .../36-fontconfig-config_2.13.1-4.2ubuntu5_all.deb ...
Unpacking fontconfig-config (2.13.1-4.2ubuntu5) ...
Selecting previously unselected package javascript-common.
Preparing to unpack .../37-javascript-common_11+nmu1_all.deb ...
Unpacking javascript-common (11+nmu1) ...
Selecting previously unselected package libalgorithm-diff-perl.
Preparing to unpack .../38-libalgorithm-diff-perl_1.201-1_all.deb ...
Unpacking libalgorithm-diff-perl (1.201-1) ...
Selecting previously unselected package libalgorithm-diff-xs-perl.
Preparing to unpack .../39-libalgorithm-diff-xs-perl_0.04-6build3_amd64.deb ...
Unpacking libalgorithm-diff-xs-perl (0.04-6build3) ...
Selecting previously unselected package libalgorithm-merge-perl.
Preparing to unpack .../40-libalgorithm-merge-perl_0.08-3_all.deb ...
Unpacking libalgorithm-merge-perl (0.08-3) ...
Selecting previously unselected package libfontconfig1:amd64.
Preparing to unpack .../41-libfontconfig1_2.13.1-4.2ubuntu5_amd64.deb ...
Unpacking libfontconfig1:amd64 (2.13.1-4.2ubuntu5) ...
Selecting previously unselected package libjpeg-turbo8:amd64.
Preparing to unpack .../42-libjpeg-turbo8_2.1.2-0ubuntu1_amd64.deb ...
Unpacking libjpeg-turbo8:amd64 (2.1.2-0ubuntu1) ...
Selecting previously unselected package libjpeg8:amd64.
Preparing to unpack .../43-libjpeg8_8c-2ubuntu10_amd64.deb ...
Unpacking libjpeg8:amd64 (8c-2ubuntu10) ...
Selecting previously unselected package libdeflate0:amd64.
Preparing to unpack .../44-libdeflate0_1.10-2_amd64.deb ...
Unpacking libdeflate0:amd64 (1.10-2) ...
Selecting previously unselected package libjbig0:amd64.
Preparing to unpack .../45-libjbig0_2.1-3.1build3_amd64.deb ...
Unpacking libjbig0:amd64 (2.1-3.1build3) ...
Selecting previously unselected package libwebp7:amd64.
Preparing to unpack .../46-libwebp7_1.2.2-2_amd64.deb ...
Unpacking libwebp7:amd64 (1.2.2-2) ...
Selecting previously unselected package libtiff5:amd64.
Preparing to unpack .../47-libtiff5_4.3.0-6ubuntu0.1_amd64.deb ...
Unpacking libtiff5:amd64 (4.3.0-6ubuntu0.1) ...
Selecting previously unselected package libxpm4:amd64.
Preparing to unpack .../48-libxpm4_1%3a3.5.12-1build2_amd64.deb ...
Unpacking libxpm4:amd64 (1:3.5.12-1build2) ...
Selecting previously unselected package libgd3:amd64.
Preparing to unpack .../49-libgd3_2.3.0-2ubuntu2_amd64.deb ...
Unpacking libgd3:amd64 (2.3.0-2ubuntu2) ...
Selecting previously unselected package libc-devtools.
Preparing to unpack .../50-libc-devtools_2.35-0ubuntu3.1_amd64.deb ...
Unpacking libc-devtools (2.35-0ubuntu3.1) ...
Selecting previously unselected package libexpat1-dev:amd64.
Preparing to unpack .../51-libexpat1-dev_2.4.7-1_amd64.deb ...
Unpacking libexpat1-dev:amd64 (2.4.7-1) ...
Selecting previously unselected package libfile-fcntllock-perl.
Preparing to unpack .../52-libfile-fcntllock-perl_0.22-3build7_amd64.deb ...
Unpacking libfile-fcntllock-perl (0.22-3build7) ...
Selecting previously unselected package libjs-jquery.
Preparing to unpack .../53-libjs-jquery_3.6.0+dfsg+~3.5.13-1_all.deb ...
Unpacking libjs-jquery (3.6.0+dfsg+~3.5.13-1) ...
Selecting previously unselected package libjs-underscore.
Preparing to unpack .../54-libjs-underscore_1.13.2~dfsg-2_all.deb ...
Unpacking libjs-underscore (1.13.2~dfsg-2) ...
Selecting previously unselected package libjs-sphinxdoc.
Preparing to unpack .../55-libjs-sphinxdoc_4.3.2-1_all.deb ...
Unpacking libjs-sphinxdoc (4.3.2-1) ...
Selecting previously unselected package zlib1g-dev:amd64.
Preparing to unpack .../56-zlib1g-dev_1%3a1.2.11.dfsg-2ubuntu9.1_amd64.deb ...
Unpacking zlib1g-dev:amd64 (1:1.2.11.dfsg-2ubuntu9.1) ...
Selecting previously unselected package libpython3.10-dev:amd64.
Preparing to unpack .../57-libpython3.10-dev_3.10.6-1~22.04_amd64.deb ...
Unpacking libpython3.10-dev:amd64 (3.10.6-1~22.04) ...
Selecting previously unselected package libpython3-dev:amd64.
Preparing to unpack .../58-libpython3-dev_3.10.6-1~22.04_amd64.deb ...
Unpacking libpython3-dev:amd64 (3.10.6-1~22.04) ...
Selecting previously unselected package manpages-dev.
Preparing to unpack .../59-manpages-dev_5.10-1ubuntu1_all.deb ...
Unpacking manpages-dev (5.10-1ubuntu1) ...
Selecting previously unselected package python3.10-dev.
Preparing to unpack .../60-python3.10-dev_3.10.6-1~22.04_amd64.deb ...
Unpacking python3.10-dev (3.10.6-1~22.04) ...
Selecting previously unselected package python3-dev.
Preparing to unpack .../61-python3-dev_3.10.6-1~22.04_amd64.deb ...
Unpacking python3-dev (3.10.6-1~22.04) ...
Selecting previously unselected package python3-wheel.
Preparing to unpack .../62-python3-wheel_0.37.1-2_all.deb ...
Unpacking python3-wheel (0.37.1-2) ...
Selecting previously unselected package python3-pip.
Preparing to unpack .../63-python3-pip_22.0.2+dfsg-1_all.deb ...
Unpacking python3-pip (22.0.2+dfsg-1) ...
Setting up javascript-common (11+nmu1) ...
Setting up gcc-11-base:amd64 (11.2.0-19ubuntu1) ...
Setting up manpages-dev (5.10-1ubuntu1) ...
Setting up lto-disabled-list (24) ...
Setting up libxpm4:amd64 (1:3.5.12-1build2) ...
Setting up libfile-fcntllock-perl (0.22-3build7) ...
Setting up libalgorithm-diff-perl (1.201-1) ...
Setting up libdeflate0:amd64 (1.10-2) ...
Setting up linux-libc-dev:amd64 (5.15.0-50.56) ...
Setting up libgomp1:amd64 (12.1.0-2ubuntu1~22.04) ...
Setting up bzip2 (1.0.8-5build1) ...
Setting up libjbig0:amd64 (2.1-3.1build3) ...
Setting up libfakeroot:amd64 (1.28-1ubuntu1) ...
Setting up libasan6:amd64 (11.2.0-19ubuntu1) ...
Setting up fakeroot (1.28-1ubuntu1) ...
update-alternatives: using /usr/bin/fakeroot-sysv to provide /usr/bin/fakeroot (                                                                fakeroot) in auto mode
Setting up libpython3.10-stdlib:amd64 (3.10.6-1~22.04) ...
Setting up libtirpc-dev:amd64 (1.3.2-2ubuntu0.1) ...
Setting up rpcsvc-proto (1.4.2-0ubuntu6) ...
Setting up make (4.3-4.1build1) ...
Setting up libquadmath0:amd64 (12.1.0-2ubuntu1~22.04) ...
Setting up libmpc3:amd64 (1.2.1-2build1) ...
Setting up libatomic1:amd64 (12.1.0-2ubuntu1~22.04) ...
Setting up fonts-dejavu-core (2.37-2build1) ...
Setting up libjpeg-turbo8:amd64 (2.1.2-0ubuntu1) ...
Setting up libdpkg-perl (1.21.1ubuntu2.1) ...
Setting up libwebp7:amd64 (1.2.2-2) ...
Setting up libubsan1:amd64 (12.1.0-2ubuntu1~22.04) ...
Setting up libnsl-dev:amd64 (1.3.0-2build2) ...
Setting up libcrypt-dev:amd64 (1:4.4.27-1) ...
Setting up libjs-jquery (3.6.0+dfsg+~3.5.13-1) ...
Setting up libisl23:amd64 (0.24-2build1) ...
Setting up libc-dev-bin (2.35-0ubuntu3.1) ...
Setting up libalgorithm-diff-xs-perl (0.04-6build3) ...
Setting up libcc1-0:amd64 (12.1.0-2ubuntu1~22.04) ...
Setting up liblsan0:amd64 (12.1.0-2ubuntu1~22.04) ...
Setting up libitm1:amd64 (12.1.0-2ubuntu1~22.04) ...
Setting up libpython3-stdlib:amd64 (3.10.6-1~22.04) ...
Setting up libjs-underscore (1.13.2~dfsg-2) ...
Setting up libalgorithm-merge-perl (0.08-3) ...
Setting up libtsan0:amd64 (11.2.0-19ubuntu1) ...
Setting up libjpeg8:amd64 (8c-2ubuntu10) ...
Setting up cpp-11 (11.2.0-19ubuntu1) ...
Setting up libpython3.10:amd64 (3.10.6-1~22.04) ...
Setting up python3.10 (3.10.6-1~22.04) ...
Setting up fontconfig-config (2.13.1-4.2ubuntu5) ...
Setting up python3 (3.10.6-1~22.04) ...
running python rtupdate hooks for python3.10...
running python post-rtupdate hooks for python3.10...
Setting up dpkg-dev (1.21.1ubuntu2.1) ...
Setting up libjs-sphinxdoc (4.3.2-1) ...
Setting up libgcc-11-dev:amd64 (11.2.0-19ubuntu1) ...
Setting up gcc-11 (11.2.0-19ubuntu1) ...
Setting up cpp (4:11.2.0-1ubuntu1) ...
Setting up libc6-dev:amd64 (2.35-0ubuntu3.1) ...
Setting up libtiff5:amd64 (4.3.0-6ubuntu0.1) ...
Setting up libfontconfig1:amd64 (2.13.1-4.2ubuntu5) ...
Setting up python3-lib2to3 (3.10.6-1~22.04) ...
Setting up python3-distutils (3.10.6-1~22.04) ...
Setting up python3-wheel (0.37.1-2) ...
Setting up gcc (4:11.2.0-1ubuntu1) ...
Setting up libexpat1-dev:amd64 (2.4.7-1) ...
Setting up libgd3:amd64 (2.3.0-2ubuntu2) ...
Setting up python3-pip (22.0.2+dfsg-1) ...
Setting up libstdc++-11-dev:amd64 (11.2.0-19ubuntu1) ...
Setting up zlib1g-dev:amd64 (1:1.2.11.dfsg-2ubuntu9.1) ...
Setting up libc-devtools (2.35-0ubuntu3.1) ...
Setting up g++-11 (11.2.0-19ubuntu1) ...
Setting up libpython3.10-dev:amd64 (3.10.6-1~22.04) ...
Setting up python3.10-dev (3.10.6-1~22.04) ...
Setting up g++ (4:11.2.0-1ubuntu1) ...
update-alternatives: using /usr/bin/g++ to provide /usr/bin/c++ (c++) in auto mo                                                                de
Setting up build-essential (12.9ubuntu3) ...
Setting up libpython3-dev:amd64 (3.10.6-1~22.04) ...
Setting up python3-dev (3.10.6-1~22.04) ...
Processing triggers for man-db (2.10.2-1) ...
Processing triggers for libc-bin (2.35-0ubuntu3.1) ...
Scanning processes...
Scanning candidates...
Scanning linux images...

Running kernel seems to be up-to-date.

Restarting services...
 systemctl restart multipathd.service packagekit.service polkit.service rsyslog.service ssh.service udisks2.service
Service restarts being deferred:
 systemctl restart ModemManager.service
 systemctl restart networkd-dispatcher.service
 systemctl restart unattended-upgrades.service

No containers need to be restarted.

No user sessions are running outdated binaries.

No VM guests are running outdated hypervisor (qemu) binaries on this host.
ubuntu@ip-172-31-6-192:~/proj$
ubuntu@ip-172-31-6-192:~/proj$ pip -h

Usage:
  pip <command> [options]

Commands:
  install                     Install packages.
  download                    Download packages.
  uninstall                   Uninstall packages.
  freeze                      Output installed packages in requirements format.
  list                        List installed packages.
  show                        Show information about installed packages.
  check                       Verify installed packages have compatible dependencies.
  config                      Manage local and global configuration.
  search                      Search PyPI for packages.
  cache                       Inspect and manage pip's wheel cache.
  index                       Inspect information available from package indexes.
  wheel                       Build wheels from your requirements.
  hash                        Compute hashes of package archives.
  completion                  A helper command used for command completion.
  debug                       Show information useful for debugging.
  help                        Show help for commands.

General Options:
  -h, --help                  Show help.
  --debug                     Let unhandled exceptions propagate outside the main subroutine, instead of logging them to stderr.
  --isolated                  Run pip in an isolated mode, ignoring environment variables and user configuration.
  --require-virtualenv        Allow pip to only run in a virtual environment; exit with an error otherwise.
  -v, --verbose               Give more output. Option is additive, and can be used up to 3 times.
  -V, --version               Show version and exit.
  -q, --quiet                 Give less output. Option is additive, and can be used up to 3 times (corresponding to WARNING, ERROR, and
                              CRITICAL logging levels).
  --log <path>                Path to a verbose appending log.
  --no-input                  Disable prompting for input.
  --proxy <proxy>             Specify a proxy in the form [user:passwd@]proxy.server:port.
  --retries <retries>         Maximum number of retries each connection should attempt (default 5 times).
  --timeout <sec>             Set the socket timeout (default 15 seconds).
  --exists-action <action>    Default action when a path already exists: (s)witch, (i)gnore, (w)ipe, (b)ackup, (a)bort.
  --trusted-host <hostname>   Mark this host or host:port pair as trusted, even though it does not have valid or any HTTPS.
  --cert <path>               Path to PEM-encoded CA certificate bundle. If provided, overrides the default. See 'SSL Certificate
                              Verification' in pip documentation for more information.
  --client-cert <path>        Path to SSL client certificate, a single file containing the private key and the certificate in PEM format.
  --cache-dir <dir>           Store the cache data in <dir>.
  --no-cache-dir              Disable the cache.
  --disable-pip-version-check
                              Don't periodically check PyPI to determine whether a new version of pip is available for download. Implied with
                              --no-index.
  --no-color                  Suppress colored output.
  --no-python-version-warning
                              Silence deprecation warnings for upcoming unsupported Pythons.
  --use-feature <feature>     Enable new functionality, that may be backward incompatible.
  --use-deprecated <feature>  Enable deprecated functionality, that will be removed in the future.
ubuntu@ip-172-31-6-192:~/proj$
ubuntu@ip-172-31-6-192:~/proj$ sudo python3 -m pip install -U selenium
Collecting selenium
  Downloading selenium-4.5.0-py3-none-any.whl (995 kB)
     ━━━━━━━━━━━━━━━━━━━━━━━━━━━━━━━━━━━━━━━━ 995.2/995.2 KB 9.9 MB/s eta 0:00:00
Collecting trio-websocket~=0.9
  Downloading trio_websocket-0.9.2-py3-none-any.whl (16 kB)
Collecting trio~=0.17
  Downloading trio-0.22.0-py3-none-any.whl (384 kB)
     ━━━━━━━━━━━━━━━━━━━━━━━━━━━━━━━━━━━━━━━━ 384.9/384.9 KB 16.2 MB/s eta 0:00:00
Collecting certifi>=2021.10.8
  Downloading certifi-2022.9.24-py3-none-any.whl (161 kB)
     ━━━━━━━━━━━━━━━━━━━━━━━━━━━━━━━━━━━━━━━━ 161.1/161.1 KB 11.9 MB/s eta 0:00:00
Requirement already satisfied: urllib3[socks]~=1.26 in /usr/lib/python3/dist-packages (from selenium) (1.26.5)
Collecting outcome
  Downloading outcome-1.2.0-py2.py3-none-any.whl (9.7 kB)
Collecting sortedcontainers
  Downloading sortedcontainers-2.4.0-py2.py3-none-any.whl (29 kB)
Requirement already satisfied: idna in /usr/lib/python3/dist-packages (from trio~=0.17->selenium) (3.3)
Collecting exceptiongroup>=1.0.0rc9
  Downloading exceptiongroup-1.0.0rc9-py3-none-any.whl (12 kB)
Collecting sniffio
  Downloading sniffio-1.3.0-py3-none-any.whl (10 kB)
Requirement already satisfied: attrs>=19.2.0 in /usr/lib/python3/dist-packages (from trio~=0.17->selenium) (21.2.0)
Collecting async-generator>=1.9
  Downloading async_generator-1.10-py3-none-any.whl (18 kB)
Collecting wsproto>=0.14
  Downloading wsproto-1.2.0-py3-none-any.whl (24 kB)
Collecting PySocks!=1.5.7,<2.0,>=1.5.6
  Downloading PySocks-1.7.1-py3-none-any.whl (16 kB)
Collecting h11<1,>=0.9.0
  Downloading h11-0.14.0-py3-none-any.whl (58 kB)
     ━━━━━━━━━━━━━━━━━━━━━━━━━━━━━━━━━━━━━━━━ 58.3/58.3 KB 8.9 MB/s eta 0:00:00
Installing collected packages: sortedcontainers, sniffio, PySocks, outcome, h11, exceptiongroup, certifi, async-generator, wsproto, trio, trio-websocket, selenium
  Attempting uninstall: certifi
    Found existing installation: certifi 2020.6.20
    Not uninstalling certifi at /usr/lib/python3/dist-packages, outside environment /usr
    Can't uninstall 'certifi'. No files were found to uninstall.
Successfully installed PySocks-1.7.1 async-generator-1.10 certifi-2022.9.24 exceptiongroup-1.0.0rc9 h11-0.14.0 outcome-1.2.0 selenium-4.5.0 sniffio-1.3.0 sortedcontainers-2.4.0 trio-0.22.0 trio-websocket-0.9.2 wsproto-1.2.0
WARNING: Running pip as the 'root' user can result in broken permissions and conflicting behaviour with the system package manager. It is recommended to use a virtual environment instead: https://pip.pypa.io/warnings/venv
ubuntu@ip-172-31-6-192:~/proj$ sudo apt-get install python3-pymysql
Reading package lists... Done
Building dependency tree... Done
Reading state information... Done
Suggested packages:
  python-pymysql-doc
The following NEW packages will be installed:
  python3-pymysql
0 upgraded, 1 newly installed, 0 to remove and 31 not upgraded.
Need to get 38.3 kB of archives.
After this operation, 172 kB of additional disk space will be used.
Get:1 http://us-west-2.ec2.archive.ubuntu.com/ubuntu jammy/main amd64 python3-pymysql all 1.0.2-1ubuntu1 [38.3 kB]
Fetched 38.3 kB in 0s (429 kB/s)
Selecting previously unselected package python3-pymysql.
(Reading database ... 70576 files and directories currently installed.)
Preparing to unpack .../python3-pymysql_1.0.2-1ubuntu1_all.deb ...
Unpacking python3-pymysql (1.0.2-1ubuntu1) ...
Setting up python3-pymysql (1.0.2-1ubuntu1) ...
Scanning processes...
Scanning candidates...
Scanning linux images...

Running kernel seems to be up-to-date.

Restarting services...
Service restarts being deferred:
 systemctl restart networkd-dispatcher.service
 systemctl restart unattended-upgrades.service

No containers need to be restarted.

No user sessions are running outdated binaries.

No VM guests are running outdated hypervisor (qemu) binaries on this host.
ubuntu@ip-172-31-6-192:~/proj$
ubuntu@ip-172-31-6-192:~/proj$
ubuntu@ip-172-31-6-192:~/proj$
ubuntu@ip-172-31-6-192:~/proj$ mkdir hotgrab1
ubuntu@ip-172-31-6-192:~/proj$ cd hotgrab1
ubuntu@ip-172-31-6-192:~/proj/hotgrab1$ ls
ubuntu@ip-172-31-6-192:~/proj/hotgrab1$ git clone git@github.com:ymtowya/hotgrab.git
Cloning into 'hotgrab'...
The authenticity of host 'github.com (192.30.255.113)' can't be established.
ED25519 key fingerprint is SHA256:+DiY3wvvV6TuJJhbpZisF/zLDA0zPMSvHdkr4UvCOqU.
This key is not known by any other names
Are you sure you want to continue connecting (yes/no/[fingerprint])? yes
Warning: Permanently added 'github.com' (ED25519) to the list of known hosts.
git@github.com: Permission denied (publickey).
fatal: Could not read from remote repository.

Please make sure you have the correct access rights
and the repository exists.
ubuntu@ip-172-31-6-192:~/proj/hotgrab1$
ubuntu@ip-172-31-6-192:~/proj/hotgrab1$ git clone https://github.com/ymtowya/hotgrab.git
Cloning into 'hotgrab'...
remote: Enumerating objects: 92, done.
remote: Counting objects: 100% (92/92), done.
remote: Compressing objects: 100% (64/64), done.
remote: Total 92 (delta 13), reused 90 (delta 11), pack-reused 0
Receiving objects: 100% (92/92), 12.70 MiB | 22.35 MiB/s, done.
Resolving deltas: 100% (13/13), done.
ubuntu@ip-172-31-6-192:~/proj/hotgrab1$
ubuntu@ip-172-31-6-192:~/proj/hotgrab1$
ubuntu@ip-172-31-6-192:~/proj/hotgrab1$
ubuntu@ip-172-31-6-192:~/proj/hotgrab1$ ls
hotgrab
ubuntu@ip-172-31-6-192:~/proj/hotgrab1$ cd hotgrab
ubuntu@ip-172-31-6-192:~/proj/hotgrab1/hotgrab$ python3 ./grab_test.py
./helper/chromedriver/chromedriver
Traceback (most recent call last):
  File "/usr/local/lib/python3.10/dist-packages/selenium/webdriver/common/service.py", line 71, in start
    self.process = subprocess.Popen(cmd, env=self.env,
  File "/usr/lib/python3.10/subprocess.py", line 969, in __init__
    self._execute_child(args, executable, preexec_fn, close_fds,
  File "/usr/lib/python3.10/subprocess.py", line 1845, in _execute_child
    raise child_exception_type(errno_num, err_msg, err_filename)
FileNotFoundError: [Errno 2] No such file or directory: './helper/chromedriver/chromedriver'

During handling of the above exception, another exception occurred:

Traceback (most recent call last):
  File "/home/ubuntu/proj/hotgrab1/hotgrab/./grab_test.py", line 191, in <module>
    browser = webdriver.Chrome(service=CHROME_SERVICE, options=chromeOptions)
  File "/usr/local/lib/python3.10/dist-packages/selenium/webdriver/chrome/webdriver.py", line 69, in __init__
    super().__init__(DesiredCapabilities.CHROME['browserName'], "goog",
  File "/usr/local/lib/python3.10/dist-packages/selenium/webdriver/chromium/webdriver.py", line 89, in __init__
    self.service.start()
  File "/usr/local/lib/python3.10/dist-packages/selenium/webdriver/common/service.py", line 81, in start
    raise WebDriverException(
selenium.common.exceptions.WebDriverException: Message: 'chromedriver' executable needs to be in PATH. Please see https://chromedriver.chromium.org/home


During handling of the above exception, another exception occurred:

Traceback (most recent call last):
  File "/home/ubuntu/proj/hotgrab1/hotgrab/./grab_test.py", line 200, in <module>
    browser.quit()
NameError: name 'browser' is not defined
ubuntu@ip-172-31-6-192:~/proj/hotgrab1/hotgrab$ git switch twt
error: Your local changes to the following files would be overwritten by checkout:
        grab_test.py
Please commit your changes or stash them before you switch branches.
error: The following untracked working tree files would be overwritten by checkout:
        __pycache__/trend.cpython-310.pyc
        __pycache__/trendStore.cpython-310.pyc
Please move or remove them before you switch branches.
Aborting
ubuntu@ip-172-31-6-192:~/proj/hotgrab1/hotgrab$ git stash
Saved working directory and index state WIP on main: 566e49c init
ubuntu@ip-172-31-6-192:~/proj/hotgrab1/hotgrab$ git switch twt
error: The following untracked working tree files would be overwritten by checkout:
        __pycache__/trend.cpython-310.pyc
        __pycache__/trendStore.cpython-310.pyc
Please move or remove them before you switch branches.
Aborting
ubuntu@ip-172-31-6-192:~/proj/hotgrab1/hotgrab$ git switch -f twt
Branch 'twt' set up to track remote branch 'twt' from 'origin'.
Switched to a new branch 'twt'
ubuntu@ip-172-31-6-192:~/proj/hotgrab1/hotgrab$ ls
__pycache__  dropped.py  grab_test.py  helper  log.md  mvnw  package.json  pom.xml  public  result  src  trend.py  trendStore.py
ubuntu@ip-172-31-6-192:~/proj/hotgrab1/hotgrab$
ubuntu@ip-172-31-6-192:~/proj/hotgrab1/hotgrab$
ubuntu@ip-172-31-6-192:~/proj/hotgrab1/hotgrab$
ubuntu@ip-172-31-6-192:~/proj/hotgrab1/hotgrab$ python3 ./grab_test.py
.\helper\chromedriver\chromedriver.exe
Traceback (most recent call last):
  File "/usr/local/lib/python3.10/dist-packages/selenium/webdriver/common/service.py", line 71, in start
    self.process = subprocess.Popen(cmd, env=self.env,
  File "/usr/lib/python3.10/subprocess.py", line 969, in __init__
    self._execute_child(args, executable, preexec_fn, close_fds,
  File "/usr/lib/python3.10/subprocess.py", line 1845, in _execute_child
    raise child_exception_type(errno_num, err_msg, err_filename)
FileNotFoundError: [Errno 2] No such file or directory: '.\\helper\\chromedriver\\chromedriver.exe'

During handling of the above exception, another exception occurred:

Traceback (most recent call last):
  File "/home/ubuntu/proj/hotgrab1/hotgrab/./grab_test.py", line 190, in <module>
    browser = webdriver.Chrome(service=CHROME_SERVICE, options=chromeOptions)
  File "/usr/local/lib/python3.10/dist-packages/selenium/webdriver/chrome/webdriver.py", line 69, in __init__
    super().__init__(DesiredCapabilities.CHROME['browserName'], "goog",
  File "/usr/local/lib/python3.10/dist-packages/selenium/webdriver/chromium/webdriver.py", line 89, in __init__
    self.service.start()
  File "/usr/local/lib/python3.10/dist-packages/selenium/webdriver/common/service.py", line 81, in start
    raise WebDriverException(
selenium.common.exceptions.WebDriverException: Message: '.\helper\chromedriver\chromedriver.exe' executable needs to be in PATH. Please see https://chromedriver.chromium.org/home


During handling of the above exception, another exception occurred:

Traceback (most recent call last):
  File "/home/ubuntu/proj/hotgrab1/hotgrab/./grab_test.py", line 199, in <module>
    browser.quit()
NameError: name 'browser' is not defined
ubuntu@ip-172-31-6-192:~/proj/hotgrab1/hotgrab$ python3 ./grab_test.py
./helper/chromedriver/chromedriver
Traceback (most recent call last):
  File "/usr/local/lib/python3.10/dist-packages/selenium/webdriver/common/service.py", line 71, in start
    self.process = subprocess.Popen(cmd, env=self.env,
  File "/usr/lib/python3.10/subprocess.py", line 969, in __init__
    self._execute_child(args, executable, preexec_fn, close_fds,
  File "/usr/lib/python3.10/subprocess.py", line 1845, in _execute_child
    raise child_exception_type(errno_num, err_msg, err_filename)
PermissionError: [Errno 13] Permission denied: './helper/chromedriver/chromedriver'

During handling of the above exception, another exception occurred:

Traceback (most recent call last):
  File "/home/ubuntu/proj/hotgrab1/hotgrab/./grab_test.py", line 191, in <module>
    browser = webdriver.Chrome(service=CHROME_SERVICE, options=chromeOptions)
  File "/usr/local/lib/python3.10/dist-packages/selenium/webdriver/chrome/webdriver.py", line 69, in __init__
    super().__init__(DesiredCapabilities.CHROME['browserName'], "goog",
  File "/usr/local/lib/python3.10/dist-packages/selenium/webdriver/chromium/webdriver.py", line 89, in __init__
    self.service.start()
  File "/usr/local/lib/python3.10/dist-packages/selenium/webdriver/common/service.py", line 86, in start
    raise WebDriverException(
selenium.common.exceptions.WebDriverException: Message: 'chromedriver' executable may have wrong permissions. Please see https://chromedriver.chromium.org/home


During handling of the above exception, another exception occurred:

Traceback (most recent call last):
  File "/home/ubuntu/proj/hotgrab1/hotgrab/./grab_test.py", line 200, in <module>
    browser.quit()
NameError: name 'browser' is not defined
ubuntu@ip-172-31-6-192:~/proj/hotgrab1/hotgrab$ sudo python3 ./grab_test.py
./helper/chromedriver/chromedriver
Traceback (most recent call last):
  File "/usr/local/lib/python3.10/dist-packages/selenium/webdriver/common/service.py", line 71, in start
    self.process = subprocess.Popen(cmd, env=self.env,
  File "/usr/lib/python3.10/subprocess.py", line 969, in __init__
    self._execute_child(args, executable, preexec_fn, close_fds,
  File "/usr/lib/python3.10/subprocess.py", line 1845, in _execute_child
    raise child_exception_type(errno_num, err_msg, err_filename)
PermissionError: [Errno 13] Permission denied: './helper/chromedriver/chromedriver'

During handling of the above exception, another exception occurred:

Traceback (most recent call last):
  File "/home/ubuntu/proj/hotgrab1/hotgrab/./grab_test.py", line 191, in <module>
    browser = webdriver.Chrome(service=CHROME_SERVICE, options=chromeOptions)
  File "/usr/local/lib/python3.10/dist-packages/selenium/webdriver/chrome/webdriver.py", line 69, in __init__
    super().__init__(DesiredCapabilities.CHROME['browserName'], "goog",
  File "/usr/local/lib/python3.10/dist-packages/selenium/webdriver/chromium/webdriver.py", line 89, in __init__
    self.service.start()
  File "/usr/local/lib/python3.10/dist-packages/selenium/webdriver/common/service.py", line 86, in start
    raise WebDriverException(
selenium.common.exceptions.WebDriverException: Message: 'chromedriver' executable may have wrong permissions. Please see https://chromedriver.chromium.org/home


During handling of the above exception, another exception occurred:

Traceback (most recent call last):
  File "/home/ubuntu/proj/hotgrab1/hotgrab/./grab_test.py", line 200, in <module>
    browser.quit()
NameError: name 'browser' is not defined
ubuntu@ip-172-31-6-192:~/proj/hotgrab1/hotgrab$ ^C
ubuntu@ip-172-31-6-192:~/proj/hotgrab1/hotgrab$ ^C
ubuntu@ip-172-31-6-192:~/proj/hotgrab1/hotgrab$
ubuntu@ip-172-31-6-192:~/proj/hotgrab1/hotgrab$
ubuntu@ip-172-31-6-192:~/proj/hotgrab1/hotgrab$
ubuntu@ip-172-31-6-192:~/proj/hotgrab1/hotgrab$ chmod +x chromedriver
chmod: cannot access 'chromedriver': No such file or directory
ubuntu@ip-172-31-6-192:~/proj/hotgrab1/hotgrab$ ls
__pycache__  dropped.py  grab_test.py  helper  log.md  mvnw  package.json  pom.xml  public  result  src  trend.py  trendStore.py
ubuntu@ip-172-31-6-192:~/proj/hotgrab1/hotgrab$ cd helper
ubuntu@ip-172-31-6-192:~/proj/hotgrab1/hotgrab/helper$ ls
chromedriver
ubuntu@ip-172-31-6-192:~/proj/hotgrab1/hotgrab/helper$ cd chromedriver/
ubuntu@ip-172-31-6-192:~/proj/hotgrab1/hotgrab/helper/chromedriver$ ls
chromedriver  chromedriver.exe
ubuntu@ip-172-31-6-192:~/proj/hotgrab1/hotgrab/helper/chromedriver$ chmod +x chromedriver
ubuntu@ip-172-31-6-192:~/proj/hotgrab1/hotgrab/helper/chromedriver$ cd ..
ubuntu@ip-172-31-6-192:~/proj/hotgrab1/hotgrab/helper$  cd ..
ubuntu@ip-172-31-6-192:~/proj/hotgrab1/hotgrab$ sudo python3 ./grab_test.py
./helper/chromedriver/chromedriver
Traceback (most recent call last):
  File "/home/ubuntu/proj/hotgrab1/hotgrab/./grab_test.py", line 191, in <module>
    browser = webdriver.Chrome(service=CHROME_SERVICE, options=chromeOptions)
  File "/usr/local/lib/python3.10/dist-packages/selenium/webdriver/chrome/webdriver.py", line 69, in __init__
    super().__init__(DesiredCapabilities.CHROME['browserName'], "goog",
  File "/usr/local/lib/python3.10/dist-packages/selenium/webdriver/chromium/webdriver.py", line 92, in __init__
    super().__init__(
  File "/usr/local/lib/python3.10/dist-packages/selenium/webdriver/remote/webdriver.py", line 272, in __init__
    self.start_session(capabilities, browser_profile)
  File "/usr/local/lib/python3.10/dist-packages/selenium/webdriver/remote/webdriver.py", line 364, in start_session
    response = self.execute(Command.NEW_SESSION, parameters)
  File "/usr/local/lib/python3.10/dist-packages/selenium/webdriver/remote/webdriver.py", line 429, in execute
    self.error_handler.check_response(response)
  File "/usr/local/lib/python3.10/dist-packages/selenium/webdriver/remote/errorhandler.py", line 243, in check_response
    raise exception_class(message, screen, stacktrace)
selenium.common.exceptions.WebDriverException: Message: unknown error: cannot find Chrome binary
Stacktrace:
#0 0x56132566b2c3 <unknown>
#1 0x56132547483a <unknown>
#2 0x5613254977f4 <unknown>
#3 0x561325495546 <unknown>
#4 0x5613254d3de6 <unknown>
#5 0x5613254d374f <unknown>
#6 0x5613254cbd63 <unknown>
#7 0x5613254a07e3 <unknown>
#8 0x5613254a1a21 <unknown>
#9 0x5613256b918e <unknown>
#10 0x5613256bc622 <unknown>
#11 0x56132569faae <unknown>
#12 0x5613256bd2a3 <unknown>
#13 0x561325693ecf <unknown>
#14 0x5613256dd588 <unknown>
#15 0x5613256dd706 <unknown>
#16 0x5613256f78b2 <unknown>
#17 0x7f1d41641b43 <unknown>


During handling of the above exception, another exception occurred:

Traceback (most recent call last):
  File "/home/ubuntu/proj/hotgrab1/hotgrab/./grab_test.py", line 200, in <module>
    browser.quit()
NameError: name 'browser' is not defined
ubuntu@ip-172-31-6-192:~/proj/hotgrab1/hotgrab$
ubuntu@ip-172-31-6-192:~/proj/hotgrab1/hotgrab$
ubuntu@ip-172-31-6-192:~/proj/hotgrab1/hotgrab$
ubuntu@ip-172-31-6-192:~/proj/hotgrab1/hotgrab$
ubuntu@ip-172-31-6-192:~/proj/hotgrab1/hotgrab$
ubuntu@ip-172-31-6-192:~/proj/hotgrab1/hotgrab$
ubuntu@ip-172-31-6-192:~/proj/hotgrab1/hotgrab$ wget https://dl.google.com/linux/direct/google-chrome-stable_current_amd64.deb
--2022-10-13 04:31:02--  https://dl.google.com/linux/direct/google-chrome-stable_current_amd64.deb
Resolving dl.google.com (dl.google.com)... 142.251.33.78, 2607:f8b0:400a:80b::200e
Connecting to dl.google.com (dl.google.com)|142.251.33.78|:443... connected.
HTTP request sent, awaiting response... 200 OK
Length: 92250408 (88M) [application/x-debian-package]
Saving to: ‘google-chrome-stable_current_amd64.deb’

google-chrome-stable_current_amd64. 100%[===================================================================>]  87.98M  97.8MB/s    in 0.9s

2022-10-13 04:31:03 (97.8 MB/s) - ‘google-chrome-stable_current_amd64.deb’ saved [92250408/92250408]

ubuntu@ip-172-31-6-192:~/proj/hotgrab1/hotgrab$ wget https://dl.google.com/linux/direct/google-chrome-stable_current_amd64.deb
--2022-10-13 04:31:11--  https://dl.google.com/linux/direct/google-chrome-stable_current_amd64.deb
Resolving dl.google.com (dl.google.com)... 142.251.33.78, 2607:f8b0:400a:80b::200e
Connecting to dl.google.com (dl.google.com)|142.251.33.78|:443... connected.
HTTP request sent, awaiting response... 200 OK
Length: 92250408 (88M) [application/x-debian-package]
Saving to: ‘google-chrome-stable_current_amd64.deb.1’

google-chrome-stable_current_amd64. 100%[===================================================================>]  87.98M  71.8MB/s    in 1.2s

2022-10-13 04:31:12 (71.8 MB/s) - ‘google-chrome-stable_current_amd64.deb.1’ saved [92250408/92250408]

ubuntu@ip-172-31-6-192:~/proj/hotgrab1/hotgrab$ sudo dpkg -i google-chrome-stable_current_amd64.deb
Selecting previously unselected package google-chrome-stable.
(Reading database ... 70604 files and directories currently installed.)
Preparing to unpack google-chrome-stable_current_amd64.deb ...
Unpacking google-chrome-stable (106.0.5249.119-1) ...
dpkg: dependency problems prevent configuration of google-chrome-stable:
 google-chrome-stable depends on fonts-liberation; however:
  Package fonts-liberation is not installed.
 google-chrome-stable depends on libasound2 (>= 1.0.17); however:
  Package libasound2 is not installed.
 google-chrome-stable depends on libatk-bridge2.0-0 (>= 2.5.3); however:
  Package libatk-bridge2.0-0 is not installed.
 google-chrome-stable depends on libatk1.0-0 (>= 2.2.0); however:
  Package libatk1.0-0 is not installed.
 google-chrome-stable depends on libatspi2.0-0 (>= 2.9.90); however:
  Package libatspi2.0-0 is not installed.
 google-chrome-stable depends on libcairo2 (>= 1.6.0); however:
  Package libcairo2 is not installed.
 google-chrome-stable depends on libcups2 (>= 1.6.0); however:
  Package libcups2 is not installed.
 google-chrome-stable depends on libgbm1 (>= 8.1~0); however:
  Package libgbm1 is not installed.
 google-chrome-stable depends on libgtk-3-0 (>= 3.9.10) | libgtk-4-1; however:
  Package libgtk-3-0 is not installed.
  Package libgtk-4-1 is not installed.
 google-chrome-stable depends on libpango-1.0-0 (>= 1.14.0); however:
  Package libpango-1.0-0 is not installed.
 google-chrome-stable depends on libwayland-client0 (>= 1.0.2); however:
  Package libwayland-client0 is not installed.
 google-chrome-stable depends on libxcomposite1 (>= 1:0.4.4-1); however:
  Package libxcomposite1 is not installed.
 google-chrome-stable depends on libxdamage1 (>= 1:1.1); however:
  Package libxdamage1 is not installed.
 google-chrome-stable depends on libxfixes3; however:
  Package libxfixes3 is not installed.
 google-chrome-stable depends on libxkbcommon0 (>= 0.4.1); however:
  Package libxkbcommon0 is not installed.
 google-chrome-stable depends on libxrandr2; however:
  Package libxrandr2 is not installed.
 google-chrome-stable depends on xdg-utils (>= 1.0.2); however:
  Package xdg-utils is not installed.

dpkg: error processing package google-chrome-stable (--install):
 dependency problems - leaving unconfigured
Processing triggers for man-db (2.10.2-1) ...
Errors were encountered while processing:
 google-chrome-stable
ubuntu@ip-172-31-6-192:~/proj/hotgrab1/hotgrab$
ubuntu@ip-172-31-6-192:~/proj/hotgrab1/hotgrab$
ubuntu@ip-172-31-6-192:~/proj/hotgrab1/hotgrab$
ubuntu@ip-172-31-6-192:~/proj/hotgrab1/hotgrab$
ubuntu@ip-172-31-6-192:~/proj/hotgrab1/hotgrab$ sudo apt install ./google-chrome-stable_current_amd64.deb
Reading package lists... Done
Building dependency tree... Done
Reading state information... Done
You might want to run 'apt --fix-broken install' to correct these.
The following packages have unmet dependencies:
 google-chrome-stable : Depends: fonts-liberation but it is not installed
                        Depends: libasound2 (>= 1.0.17)
                        Depends: libatk-bridge2.0-0 (>= 2.5.3) but it is not installed
                        Depends: libatk1.0-0 (>= 2.2.0) but it is not installed
                        Depends: libatspi2.0-0 (>= 2.9.90) but it is not installed
                        Depends: libcairo2 (>= 1.6.0) but it is not installed
                        Depends: libcups2 (>= 1.6.0) but it is not installed
                        Depends: libgbm1 (>= 8.1~0) but it is not installed
                        Depends: libgtk-3-0 (>= 3.9.10) but it is not installed or
                                 libgtk-4-1 but it is not installed
                        Depends: libpango-1.0-0 (>= 1.14.0) but it is not installed
                        Depends: libwayland-client0 (>= 1.0.2) but it is not installed
                        Depends: libxcomposite1 (>= 1:0.4.4-1) but it is not installed
                        Depends: libxdamage1 (>= 1:1.1) but it is not installed
                        Depends: libxfixes3 but it is not installed
                        Depends: libxkbcommon0 (>= 0.4.1) but it is not installed
                        Depends: libxrandr2 but it is not installed
                        Depends: xdg-utils (>= 1.0.2) but it is not installed
                        Recommends: libu2f-udev but it is not installed
                        Recommends: libvulkan1 but it is not installed
E: Unmet dependencies. Try 'apt --fix-broken install' with no packages (or specify a solution).
ubuntu@ip-172-31-6-192:~/proj/hotgrab1/hotgrab$
ubuntu@ip-172-31-6-192:~/proj/hotgrab1/hotgrab$ sudo apt --fix-broken install
Reading package lists... Done
Building dependency tree... Done
Reading state information... Done
Correcting dependencies... Done
The following additional packages will be installed:
  adwaita-icon-theme alsa-topology-conf alsa-ucm-conf at-spi2-core dconf-gsettings-backend dconf-service fontconfig fonts-liberation
  gsettings-desktop-schemas gtk-update-icon-cache hicolor-icon-theme humanity-icon-theme libasound2 libasound2-data libatk-bridge2.0-0
  libatk1.0-0 libatk1.0-data libatspi2.0-0 libauthen-sasl-perl libavahi-client3 libavahi-common-data libavahi-common3 libcairo-gobject2
  libcairo2 libclone-perl libcolord2 libcups2 libdata-dump-perl libdatrie1 libdconf1 libdrm-amdgpu1 libdrm-intel1 libdrm-nouveau2
  libdrm-radeon1 libencode-locale-perl libepoxy0 libfile-basedir-perl libfile-desktopentry-perl libfile-listing-perl libfile-mimeinfo-perl
  libfont-afm-perl libfontenc1 libgbm1 libgdk-pixbuf-2.0-0 libgdk-pixbuf2.0-bin libgdk-pixbuf2.0-common libgl1 libgl1-amber-dri
  libgl1-mesa-dri libglapi-mesa libglvnd0 libglx-mesa0 libglx0 libgraphite2-3 libgtk-3-0 libgtk-3-bin libgtk-3-common libgtkd-3-0
  libharfbuzz0b libhtml-form-perl libhtml-format-perl libhtml-parser-perl libhtml-tagset-perl libhtml-tree-perl libhttp-cookies-perl
  libhttp-daemon-perl libhttp-date-perl libhttp-message-perl libhttp-negotiate-perl libice6 libio-html-perl libio-socket-ssl-perl
  libio-stringy-perl libipc-system-simple-perl liblcms2-2 libllvm11 libllvm13 liblwp-mediatypes-perl liblwp-protocol-https-perl
  libmailtools-perl libnet-dbus-perl libnet-http-perl libnet-smtp-ssl-perl libnet-ssleay-perl libpango-1.0-0 libpangocairo-1.0-0
  libpangoft2-1.0-0 libpciaccess0 libphobos2-ldc-shared98 libpixman-1-0 librsvg2-2 librsvg2-common libsensors-config libsensors5 libsm6
  libthai-data libthai0 libtie-ixhash-perl libtimedate-perl libtry-tiny-perl liburi-perl libvte-2.91-0 libvte-2.91-common libvted-3-0
  libvulkan1 libwayland-client0 libwayland-cursor0 libwayland-egl1 libwayland-server0 libwww-perl libwww-robotrules-perl libx11-protocol-perl
  libx11-xcb1 libxaw7 libxcb-dri2-0 libxcb-dri3-0 libxcb-glx0 libxcb-present0 libxcb-randr0 libxcb-render0 libxcb-shape0 libxcb-shm0
  libxcb-sync1 libxcb-xfixes0 libxcomposite1 libxcursor1 libxdamage1 libxfixes3 libxft2 libxi6 libxinerama1 libxkbcommon0 libxkbfile1
  libxml-parser-perl libxml-twig-perl libxml-xpathengine-perl libxmu6 libxrandr2 libxrender1 libxshmfence1 libxt6 libxtst6 libxv1 libxxf86dga1
  libxxf86vm1 mesa-vulkan-drivers perl-openssl-defaults session-migration tilix tilix-common ubuntu-mono x11-common x11-utils
  x11-xserver-utils xdg-utils
Suggested packages:
  libasound2-plugins alsa-utils libdigest-hmac-perl libgssapi-perl colord cups-common gvfs liblcms2-utils libcrypt-ssleay-perl librsvg2-bin
  lm-sensors libsub-name-perl libbusiness-isbn-perl libauthen-ntlm-perl libunicode-map8-perl libunicode-string-perl xml-twig-tools
  python-nautilus mesa-utils nickle cairo-5c xorg-docs-core
The following NEW packages will be installed:
  adwaita-icon-theme alsa-topology-conf alsa-ucm-conf at-spi2-core dconf-gsettings-backend dconf-service fontconfig fonts-liberation
  gsettings-desktop-schemas gtk-update-icon-cache hicolor-icon-theme humanity-icon-theme libasound2 libasound2-data libatk-bridge2.0-0
  libatk1.0-0 libatk1.0-data libatspi2.0-0 libauthen-sasl-perl libavahi-client3 libavahi-common-data libavahi-common3 libcairo-gobject2
  libcairo2 libclone-perl libcolord2 libcups2 libdata-dump-perl libdatrie1 libdconf1 libdrm-amdgpu1 libdrm-intel1 libdrm-nouveau2
  libdrm-radeon1 libencode-locale-perl libepoxy0 libfile-basedir-perl libfile-desktopentry-perl libfile-listing-perl libfile-mimeinfo-perl
  libfont-afm-perl libfontenc1 libgbm1 libgdk-pixbuf-2.0-0 libgdk-pixbuf2.0-bin libgdk-pixbuf2.0-common libgl1 libgl1-amber-dri
  libgl1-mesa-dri libglapi-mesa libglvnd0 libglx-mesa0 libglx0 libgraphite2-3 libgtk-3-0 libgtk-3-bin libgtk-3-common libgtkd-3-0
  libharfbuzz0b libhtml-form-perl libhtml-format-perl libhtml-parser-perl libhtml-tagset-perl libhtml-tree-perl libhttp-cookies-perl
  libhttp-daemon-perl libhttp-date-perl libhttp-message-perl libhttp-negotiate-perl libice6 libio-html-perl libio-socket-ssl-perl
  libio-stringy-perl libipc-system-simple-perl liblcms2-2 libllvm11 libllvm13 liblwp-mediatypes-perl liblwp-protocol-https-perl
  libmailtools-perl libnet-dbus-perl libnet-http-perl libnet-smtp-ssl-perl libnet-ssleay-perl libpango-1.0-0 libpangocairo-1.0-0
  libpangoft2-1.0-0 libpciaccess0 libphobos2-ldc-shared98 libpixman-1-0 librsvg2-2 librsvg2-common libsensors-config libsensors5 libsm6
  libthai-data libthai0 libtie-ixhash-perl libtimedate-perl libtry-tiny-perl liburi-perl libvte-2.91-0 libvte-2.91-common libvted-3-0
  libvulkan1 libwayland-client0 libwayland-cursor0 libwayland-egl1 libwayland-server0 libwww-perl libwww-robotrules-perl libx11-protocol-perl
  libx11-xcb1 libxaw7 libxcb-dri2-0 libxcb-dri3-0 libxcb-glx0 libxcb-present0 libxcb-randr0 libxcb-render0 libxcb-shape0 libxcb-shm0
  libxcb-sync1 libxcb-xfixes0 libxcomposite1 libxcursor1 libxdamage1 libxfixes3 libxft2 libxi6 libxinerama1 libxkbcommon0 libxkbfile1
  libxml-parser-perl libxml-twig-perl libxml-xpathengine-perl libxmu6 libxrandr2 libxrender1 libxshmfence1 libxt6 libxtst6 libxv1 libxxf86dga1
  libxxf86vm1 mesa-vulkan-drivers perl-openssl-defaults session-migration tilix tilix-common ubuntu-mono x11-common x11-utils
  x11-xserver-utils xdg-utils
0 upgraded, 155 newly installed, 0 to remove and 31 not upgraded.
1 not fully installed or removed.
Need to get 84.2 MB of archives.
After this operation, 363 MB of additional disk space will be used.
Do you want to continue? [Y/n] Y
Get:1 http://us-west-2.ec2.archive.ubuntu.com/ubuntu jammy/main amd64 fonts-liberation all 1:1.07.4-11 [822 kB]
Get:2 http://us-west-2.ec2.archive.ubuntu.com/ubuntu jammy/main amd64 libasound2-data all 1.2.6.1-1ubuntu1 [19.1 kB]
Get:3 http://us-west-2.ec2.archive.ubuntu.com/ubuntu jammy/main amd64 libasound2 amd64 1.2.6.1-1ubuntu1 [390 kB]
Get:4 http://us-west-2.ec2.archive.ubuntu.com/ubuntu jammy/main amd64 libatk1.0-data all 2.36.0-3build1 [2824 B]
Get:5 http://us-west-2.ec2.archive.ubuntu.com/ubuntu jammy/main amd64 libatk1.0-0 amd64 2.36.0-3build1 [51.9 kB]
Get:6 http://us-west-2.ec2.archive.ubuntu.com/ubuntu jammy/main amd64 libxi6 amd64 2:1.8-1build1 [32.6 kB]
Get:7 http://us-west-2.ec2.archive.ubuntu.com/ubuntu jammy/main amd64 libatspi2.0-0 amd64 2.44.0-3 [80.9 kB]
Get:8 http://us-west-2.ec2.archive.ubuntu.com/ubuntu jammy/main amd64 libatk-bridge2.0-0 amd64 2.38.0-3 [66.6 kB]
Get:9 http://us-west-2.ec2.archive.ubuntu.com/ubuntu jammy/main amd64 libpixman-1-0 amd64 0.40.0-1build4 [264 kB]
Get:10 http://us-west-2.ec2.archive.ubuntu.com/ubuntu jammy/main amd64 libxcb-render0 amd64 1.14-3ubuntu3 [16.4 kB]
Get:11 http://us-west-2.ec2.archive.ubuntu.com/ubuntu jammy/main amd64 libxcb-shm0 amd64 1.14-3ubuntu3 [5780 B]
Get:12 http://us-west-2.ec2.archive.ubuntu.com/ubuntu jammy/main amd64 libxrender1 amd64 1:0.9.10-1build4 [19.7 kB]
Get:13 http://us-west-2.ec2.archive.ubuntu.com/ubuntu jammy/main amd64 libcairo2 amd64 1.16.0-5ubuntu2 [628 kB]
Get:14 http://us-west-2.ec2.archive.ubuntu.com/ubuntu jammy/main amd64 libavahi-common-data amd64 0.8-5ubuntu5 [23.9 kB]
Get:15 http://us-west-2.ec2.archive.ubuntu.com/ubuntu jammy/main amd64 libavahi-common3 amd64 0.8-5ubuntu5 [23.7 kB]
Get:16 http://us-west-2.ec2.archive.ubuntu.com/ubuntu jammy/main amd64 libavahi-client3 amd64 0.8-5ubuntu5 [28.1 kB]
Get:17 http://us-west-2.ec2.archive.ubuntu.com/ubuntu jammy-updates/main amd64 libcups2 amd64 2.4.1op1-1ubuntu4.1 [264 kB]
Get:18 http://us-west-2.ec2.archive.ubuntu.com/ubuntu jammy-updates/main amd64 libwayland-server0 amd64 1.20.0-1ubuntu0.1 [34.3 kB]
Get:19 http://us-west-2.ec2.archive.ubuntu.com/ubuntu jammy-updates/main amd64 libgbm1 amd64 22.0.5-0ubuntu0.1 [32.6 kB]
Get:20 http://us-west-2.ec2.archive.ubuntu.com/ubuntu jammy/main amd64 hicolor-icon-theme all 0.17-2 [9976 B]
Get:21 http://us-west-2.ec2.archive.ubuntu.com/ubuntu jammy-updates/main amd64 libgdk-pixbuf2.0-common all 2.42.8+dfsg-1ubuntu0.1 [6124 B]
Get:22 http://us-west-2.ec2.archive.ubuntu.com/ubuntu jammy-updates/main amd64 libgdk-pixbuf-2.0-0 amd64 2.42.8+dfsg-1ubuntu0.1 [149 kB]
Get:23 http://us-west-2.ec2.archive.ubuntu.com/ubuntu jammy-updates/main amd64 gtk-update-icon-cache amd64 3.24.33-1ubuntu2 [31.4 kB]
Get:24 http://us-west-2.ec2.archive.ubuntu.com/ubuntu jammy/main amd64 humanity-icon-theme all 0.6.16 [1282 kB]
Get:25 http://us-west-2.ec2.archive.ubuntu.com/ubuntu jammy/main amd64 ubuntu-mono all 20.10-0ubuntu2 [153 kB]
Get:26 http://us-west-2.ec2.archive.ubuntu.com/ubuntu jammy/main amd64 adwaita-icon-theme all 41.0-1ubuntu1 [3444 kB]
Get:27 http://us-west-2.ec2.archive.ubuntu.com/ubuntu jammy/main amd64 libcairo-gobject2 amd64 1.16.0-5ubuntu2 [19.4 kB]
Get:28 http://us-west-2.ec2.archive.ubuntu.com/ubuntu jammy/main amd64 liblcms2-2 amd64 2.12~rc1-2build2 [159 kB]
Get:29 http://us-west-2.ec2.archive.ubuntu.com/ubuntu jammy/main amd64 libcolord2 amd64 1.4.6-1 [155 kB]
Get:30 http://us-west-2.ec2.archive.ubuntu.com/ubuntu jammy/main amd64 libepoxy0 amd64 1.5.10-1 [237 kB]
Get:31 http://us-west-2.ec2.archive.ubuntu.com/ubuntu jammy/main amd64 libgraphite2-3 amd64 1.3.14-1build2 [71.3 kB]
Get:32 http://us-west-2.ec2.archive.ubuntu.com/ubuntu jammy-updates/main amd64 libharfbuzz0b amd64 2.7.4-1ubuntu3.1 [352 kB]
Get:33 http://us-west-2.ec2.archive.ubuntu.com/ubuntu jammy/main amd64 fontconfig amd64 2.13.1-4.2ubuntu5 [177 kB]
Get:34 http://us-west-2.ec2.archive.ubuntu.com/ubuntu jammy/main amd64 libthai-data all 0.1.29-1build1 [162 kB]
Get:35 http://us-west-2.ec2.archive.ubuntu.com/ubuntu jammy/main amd64 libdatrie1 amd64 0.2.13-2 [19.9 kB]
Get:36 http://us-west-2.ec2.archive.ubuntu.com/ubuntu jammy/main amd64 libthai0 amd64 0.1.29-1build1 [19.2 kB]
Get:37 http://us-west-2.ec2.archive.ubuntu.com/ubuntu jammy/main amd64 libpango-1.0-0 amd64 1.50.6+ds-2 [230 kB]
Get:38 http://us-west-2.ec2.archive.ubuntu.com/ubuntu jammy/main amd64 libpangoft2-1.0-0 amd64 1.50.6+ds-2 [53.9 kB]
Get:39 http://us-west-2.ec2.archive.ubuntu.com/ubuntu jammy/main amd64 libpangocairo-1.0-0 amd64 1.50.6+ds-2 [39.8 kB]
Get:40 http://us-west-2.ec2.archive.ubuntu.com/ubuntu jammy-updates/main amd64 libwayland-client0 amd64 1.20.0-1ubuntu0.1 [25.9 kB]
Get:41 http://us-west-2.ec2.archive.ubuntu.com/ubuntu jammy-updates/main amd64 libwayland-cursor0 amd64 1.20.0-1ubuntu0.1 [10.7 kB]
Get:42 http://us-west-2.ec2.archive.ubuntu.com/ubuntu jammy-updates/main amd64 libwayland-egl1 amd64 1.20.0-1ubuntu0.1 [5582 B]
Get:43 http://us-west-2.ec2.archive.ubuntu.com/ubuntu jammy/main amd64 libxcomposite1 amd64 1:0.4.5-1build2 [7192 B]
Get:44 http://us-west-2.ec2.archive.ubuntu.com/ubuntu jammy/main amd64 libxfixes3 amd64 1:6.0.0-1 [11.7 kB]
Get:45 http://us-west-2.ec2.archive.ubuntu.com/ubuntu jammy/main amd64 libxcursor1 amd64 1:1.2.0-2build4 [20.9 kB]
Get:46 http://us-west-2.ec2.archive.ubuntu.com/ubuntu jammy/main amd64 libxdamage1 amd64 1:1.1.5-2build2 [7154 B]
Get:47 http://us-west-2.ec2.archive.ubuntu.com/ubuntu jammy/main amd64 libxinerama1 amd64 2:1.1.4-3 [7382 B]
Get:48 http://us-west-2.ec2.archive.ubuntu.com/ubuntu jammy/main amd64 libxkbcommon0 amd64 1.4.0-1 [125 kB]
Get:49 http://us-west-2.ec2.archive.ubuntu.com/ubuntu jammy/main amd64 libxrandr2 amd64 2:1.5.2-1build1 [20.4 kB]
Get:50 http://us-west-2.ec2.archive.ubuntu.com/ubuntu jammy/main amd64 libdconf1 amd64 0.40.0-3 [40.5 kB]
Get:51 http://us-west-2.ec2.archive.ubuntu.com/ubuntu jammy/main amd64 dconf-service amd64 0.40.0-3 [28.5 kB]
Get:52 http://us-west-2.ec2.archive.ubuntu.com/ubuntu jammy/main amd64 dconf-gsettings-backend amd64 0.40.0-3 [22.8 kB]
Get:53 http://us-west-2.ec2.archive.ubuntu.com/ubuntu jammy-updates/main amd64 libgtk-3-common all 3.24.33-1ubuntu2 [239 kB]
Get:54 http://us-west-2.ec2.archive.ubuntu.com/ubuntu jammy-updates/main amd64 libgtk-3-0 amd64 3.24.33-1ubuntu2 [3053 kB]
Get:55 http://us-west-2.ec2.archive.ubuntu.com/ubuntu jammy-updates/main amd64 xdg-utils all 1.1.3-4.1ubuntu3~22.04.1 [61.9 kB]
Get:56 http://us-west-2.ec2.archive.ubuntu.com/ubuntu jammy/main amd64 alsa-topology-conf all 1.2.5.1-2 [15.5 kB]
Get:57 http://us-west-2.ec2.archive.ubuntu.com/ubuntu jammy/main amd64 alsa-ucm-conf all 1.2.6.3-1ubuntu1 [41.0 kB]
Get:58 http://us-west-2.ec2.archive.ubuntu.com/ubuntu jammy/main amd64 x11-common all 1:7.7+23ubuntu2 [23.4 kB]
Get:59 http://us-west-2.ec2.archive.ubuntu.com/ubuntu jammy/main amd64 libxtst6 amd64 2:1.2.3-1build4 [13.4 kB]
Get:60 http://us-west-2.ec2.archive.ubuntu.com/ubuntu jammy/main amd64 session-migration amd64 0.3.6 [9774 B]
Get:61 http://us-west-2.ec2.archive.ubuntu.com/ubuntu jammy/main amd64 gsettings-desktop-schemas all 42.0-1ubuntu1 [31.1 kB]
Get:62 http://us-west-2.ec2.archive.ubuntu.com/ubuntu jammy/main amd64 at-spi2-core amd64 2.44.0-3 [54.4 kB]
Get:63 http://us-west-2.ec2.archive.ubuntu.com/ubuntu jammy/main amd64 libclone-perl amd64 0.45-1build3 [11.0 kB]
Get:64 http://us-west-2.ec2.archive.ubuntu.com/ubuntu jammy/main amd64 libdata-dump-perl all 1.25-1 [25.9 kB]
Get:65 http://us-west-2.ec2.archive.ubuntu.com/ubuntu jammy/main amd64 libdrm-amdgpu1 amd64 2.4.110-1ubuntu1 [20.0 kB]
Get:66 http://us-west-2.ec2.archive.ubuntu.com/ubuntu jammy/main amd64 libpciaccess0 amd64 0.16-3 [19.1 kB]
Get:67 http://us-west-2.ec2.archive.ubuntu.com/ubuntu jammy/main amd64 libdrm-intel1 amd64 2.4.110-1ubuntu1 [66.7 kB]
Get:68 http://us-west-2.ec2.archive.ubuntu.com/ubuntu jammy/main amd64 libdrm-nouveau2 amd64 2.4.110-1ubuntu1 [17.4 kB]
Get:69 http://us-west-2.ec2.archive.ubuntu.com/ubuntu jammy/main amd64 libdrm-radeon1 amd64 2.4.110-1ubuntu1 [21.5 kB]
Get:70 http://us-west-2.ec2.archive.ubuntu.com/ubuntu jammy/main amd64 libencode-locale-perl all 1.05-1.1 [11.8 kB]
Get:71 http://us-west-2.ec2.archive.ubuntu.com/ubuntu jammy/main amd64 libipc-system-simple-perl all 1.30-1 [23.2 kB]
Get:72 http://us-west-2.ec2.archive.ubuntu.com/ubuntu jammy/main amd64 libfile-basedir-perl all 0.09-1 [15.7 kB]
Get:73 http://us-west-2.ec2.archive.ubuntu.com/ubuntu jammy/main amd64 liburi-perl all 5.10-1 [78.8 kB]
Get:74 http://us-west-2.ec2.archive.ubuntu.com/ubuntu jammy/main amd64 libfile-desktopentry-perl all 0.22-2 [17.8 kB]
Get:75 http://us-west-2.ec2.archive.ubuntu.com/ubuntu jammy/main amd64 libtimedate-perl all 2.3300-2 [34.0 kB]
Get:76 http://us-west-2.ec2.archive.ubuntu.com/ubuntu jammy/main amd64 libhttp-date-perl all 6.05-1 [9920 B]
Get:77 http://us-west-2.ec2.archive.ubuntu.com/ubuntu jammy/main amd64 libfile-listing-perl all 6.14-1 [11.2 kB]
Get:78 http://us-west-2.ec2.archive.ubuntu.com/ubuntu jammy/main amd64 libfile-mimeinfo-perl all 0.31-1 [43.5 kB]
Get:79 http://us-west-2.ec2.archive.ubuntu.com/ubuntu jammy/main amd64 libfont-afm-perl all 1.20-3 [13.6 kB]
Get:80 http://us-west-2.ec2.archive.ubuntu.com/ubuntu jammy/main amd64 libfontenc1 amd64 1:1.1.4-1build3 [14.7 kB]
Get:81 http://us-west-2.ec2.archive.ubuntu.com/ubuntu jammy-updates/main amd64 libgdk-pixbuf2.0-bin amd64 2.42.8+dfsg-1ubuntu0.1 [14.2 kB]
Get:82 http://us-west-2.ec2.archive.ubuntu.com/ubuntu jammy-updates/main amd64 libglapi-mesa amd64 22.0.5-0ubuntu0.1 [35.3 kB]
Get:83 http://us-west-2.ec2.archive.ubuntu.com/ubuntu jammy/main amd64 libgl1-amber-dri amd64 21.3.7-0ubuntu1 [4433 kB]
Get:84 http://us-west-2.ec2.archive.ubuntu.com/ubuntu jammy-updates/main amd64 libllvm13 amd64 1:13.0.1-2ubuntu2.1 [22.2 MB]
Get:85 http://us-west-2.ec2.archive.ubuntu.com/ubuntu jammy/main amd64 libsensors-config all 1:3.6.0-7ubuntu1 [5274 B]
Get:86 http://us-west-2.ec2.archive.ubuntu.com/ubuntu jammy/main amd64 libsensors5 amd64 1:3.6.0-7ubuntu1 [26.3 kB]
Get:87 http://us-west-2.ec2.archive.ubuntu.com/ubuntu jammy/main amd64 libvulkan1 amd64 1.3.204.1-2 [128 kB]
Get:88 http://us-west-2.ec2.archive.ubuntu.com/ubuntu jammy-updates/main amd64 libgl1-mesa-dri amd64 22.0.5-0ubuntu0.1 [7471 kB]
Get:89 http://us-west-2.ec2.archive.ubuntu.com/ubuntu jammy/main amd64 libx11-xcb1 amd64 2:1.7.5-1 [7790 B]
Get:90 http://us-west-2.ec2.archive.ubuntu.com/ubuntu jammy/main amd64 libxcb-dri2-0 amd64 1.14-3ubuntu3 [7206 B]
Get:91 http://us-west-2.ec2.archive.ubuntu.com/ubuntu jammy/main amd64 libxcb-dri3-0 amd64 1.14-3ubuntu3 [6968 B]
Get:92 http://us-west-2.ec2.archive.ubuntu.com/ubuntu jammy/main amd64 libxcb-glx0 amd64 1.14-3ubuntu3 [25.9 kB]
Get:93 http://us-west-2.ec2.archive.ubuntu.com/ubuntu jammy/main amd64 libxcb-present0 amd64 1.14-3ubuntu3 [5734 B]
Get:94 http://us-west-2.ec2.archive.ubuntu.com/ubuntu jammy/main amd64 libxcb-sync1 amd64 1.14-3ubuntu3 [9416 B]
Get:95 http://us-west-2.ec2.archive.ubuntu.com/ubuntu jammy/main amd64 libxcb-xfixes0 amd64 1.14-3ubuntu3 [9996 B]
Get:96 http://us-west-2.ec2.archive.ubuntu.com/ubuntu jammy/main amd64 libxshmfence1 amd64 1.3-1build4 [5394 B]
Get:97 http://us-west-2.ec2.archive.ubuntu.com/ubuntu jammy/main amd64 libxxf86vm1 amd64 1:1.1.4-1build3 [10.4 kB]
Get:98 http://us-west-2.ec2.archive.ubuntu.com/ubuntu jammy-updates/main amd64 libglx-mesa0 amd64 22.0.5-0ubuntu0.1 [156 kB]
Get:99 http://us-west-2.ec2.archive.ubuntu.com/ubuntu jammy-updates/main amd64 libgtk-3-bin amd64 3.24.33-1ubuntu2 [69.5 kB]
Get:100 http://us-west-2.ec2.archive.ubuntu.com/ubuntu jammy/main amd64 librsvg2-2 amd64 2.52.5+dfsg-3 [3020 kB]
Get:101 http://us-west-2.ec2.archive.ubuntu.com/ubuntu jammy/universe amd64 libllvm11 amd64 1:11.1.0-6 [19.6 MB]
Get:102 http://us-west-2.ec2.archive.ubuntu.com/ubuntu jammy/universe amd64 libphobos2-ldc-shared98 amd64 1:1.28.0-1ubuntu1 [1487 kB]
Get:103 http://us-west-2.ec2.archive.ubuntu.com/ubuntu jammy/universe amd64 libgtkd-3-0 amd64 3.10.0-1ubuntu1 [1963 kB]
Get:104 http://us-west-2.ec2.archive.ubuntu.com/ubuntu jammy/main amd64 libhtml-tagset-perl all 3.20-4 [12.5 kB]
Get:105 http://us-west-2.ec2.archive.ubuntu.com/ubuntu jammy/main amd64 libhtml-parser-perl amd64 3.76-1build2 [88.4 kB]
Get:106 http://us-west-2.ec2.archive.ubuntu.com/ubuntu jammy/main amd64 libio-html-perl all 1.004-2 [15.4 kB]
Get:107 http://us-west-2.ec2.archive.ubuntu.com/ubuntu jammy/main amd64 liblwp-mediatypes-perl all 6.04-1 [19.5 kB]
Get:108 http://us-west-2.ec2.archive.ubuntu.com/ubuntu jammy/main amd64 libhttp-message-perl all 6.36-1 [76.8 kB]
Get:109 http://us-west-2.ec2.archive.ubuntu.com/ubuntu jammy/main amd64 libhtml-form-perl all 6.07-1 [22.2 kB]
Get:110 http://us-west-2.ec2.archive.ubuntu.com/ubuntu jammy/main amd64 libhtml-tree-perl all 5.07-2 [200 kB]
Get:111 http://us-west-2.ec2.archive.ubuntu.com/ubuntu jammy/main amd64 libhtml-format-perl all 2.12-1.1 [41.3 kB]
Get:112 http://us-west-2.ec2.archive.ubuntu.com/ubuntu jammy/main amd64 libhttp-cookies-perl all 6.10-1 [18.4 kB]
Get:113 http://us-west-2.ec2.archive.ubuntu.com/ubuntu jammy-updates/main amd64 libhttp-daemon-perl all 6.13-1ubuntu0.1 [22.9 kB]
Get:114 http://us-west-2.ec2.archive.ubuntu.com/ubuntu jammy/main amd64 libhttp-negotiate-perl all 6.01-1 [12.5 kB]
Get:115 http://us-west-2.ec2.archive.ubuntu.com/ubuntu jammy/main amd64 libice6 amd64 2:1.0.10-1build2 [42.6 kB]
Get:116 http://us-west-2.ec2.archive.ubuntu.com/ubuntu jammy/main amd64 perl-openssl-defaults amd64 5build2 [7542 B]
Get:117 http://us-west-2.ec2.archive.ubuntu.com/ubuntu jammy/main amd64 libnet-ssleay-perl amd64 1.92-1build2 [327 kB]
Get:118 http://us-west-2.ec2.archive.ubuntu.com/ubuntu jammy/main amd64 libio-socket-ssl-perl all 2.074-2 [192 kB]
Get:119 http://us-west-2.ec2.archive.ubuntu.com/ubuntu jammy/main amd64 libio-stringy-perl all 2.111-3 [55.8 kB]
Get:120 http://us-west-2.ec2.archive.ubuntu.com/ubuntu jammy/main amd64 libnet-http-perl all 6.22-1 [23.2 kB]
Get:121 http://us-west-2.ec2.archive.ubuntu.com/ubuntu jammy/main amd64 libtry-tiny-perl all 0.31-1 [21.8 kB]
Get:122 http://us-west-2.ec2.archive.ubuntu.com/ubuntu jammy/main amd64 libwww-robotrules-perl all 6.02-1 [12.6 kB]
Get:123 http://us-west-2.ec2.archive.ubuntu.com/ubuntu jammy/main amd64 libwww-perl all 6.61-1 [141 kB]
Get:124 http://us-west-2.ec2.archive.ubuntu.com/ubuntu jammy/main amd64 liblwp-protocol-https-perl all 6.10-1 [10.9 kB]
Get:125 http://us-west-2.ec2.archive.ubuntu.com/ubuntu jammy/main amd64 libnet-smtp-ssl-perl all 1.04-1 [5948 B]
Get:126 http://us-west-2.ec2.archive.ubuntu.com/ubuntu jammy/main amd64 libmailtools-perl all 2.21-1 [80.7 kB]
Get:127 http://us-west-2.ec2.archive.ubuntu.com/ubuntu jammy/main amd64 libxml-parser-perl amd64 2.46-3build1 [212 kB]
Get:128 http://us-west-2.ec2.archive.ubuntu.com/ubuntu jammy/main amd64 libxml-twig-perl all 1:3.52-1 [157 kB]
Get:129 http://us-west-2.ec2.archive.ubuntu.com/ubuntu jammy/main amd64 libnet-dbus-perl amd64 1.2.0-1build3 [181 kB]
Get:130 http://us-west-2.ec2.archive.ubuntu.com/ubuntu jammy/main amd64 librsvg2-common amd64 2.52.5+dfsg-3 [17.7 kB]
Get:131 http://us-west-2.ec2.archive.ubuntu.com/ubuntu jammy/main amd64 libsm6 amd64 2:1.2.3-1build2 [16.7 kB]
Get:132 http://us-west-2.ec2.archive.ubuntu.com/ubuntu jammy/main amd64 libtie-ixhash-perl all 1.23-2.1 [11.3 kB]
Get:133 http://us-west-2.ec2.archive.ubuntu.com/ubuntu jammy/main amd64 libvte-2.91-common amd64 0.68.0-1 [9216 B]
Get:134 http://us-west-2.ec2.archive.ubuntu.com/ubuntu jammy/main amd64 libvte-2.91-0 amd64 0.68.0-1 [214 kB]
Get:135 http://us-west-2.ec2.archive.ubuntu.com/ubuntu jammy/universe amd64 libvted-3-0 amd64 3.10.0-1ubuntu1 [54.1 kB]
Get:136 http://us-west-2.ec2.archive.ubuntu.com/ubuntu jammy/main amd64 libx11-protocol-perl all 0.56-7.1 [138 kB]
Get:137 http://us-west-2.ec2.archive.ubuntu.com/ubuntu jammy/main amd64 libxt6 amd64 1:1.2.1-1 [177 kB]
Get:138 http://us-west-2.ec2.archive.ubuntu.com/ubuntu jammy/main amd64 libxmu6 amd64 2:1.1.3-3 [49.6 kB]
Get:139 http://us-west-2.ec2.archive.ubuntu.com/ubuntu jammy/main amd64 libxaw7 amd64 2:1.0.14-1 [191 kB]
Get:140 http://us-west-2.ec2.archive.ubuntu.com/ubuntu jammy/main amd64 libxcb-randr0 amd64 1.14-3ubuntu3 [18.3 kB]
Get:141 http://us-west-2.ec2.archive.ubuntu.com/ubuntu jammy/main amd64 libxcb-shape0 amd64 1.14-3ubuntu3 [6158 B]
Get:142 http://us-west-2.ec2.archive.ubuntu.com/ubuntu jammy/main amd64 libxft2 amd64 2.3.4-1 [41.8 kB]
Get:143 http://us-west-2.ec2.archive.ubuntu.com/ubuntu jammy/main amd64 libxkbfile1 amd64 1:1.1.0-1build3 [71.8 kB]
Get:144 http://us-west-2.ec2.archive.ubuntu.com/ubuntu jammy/main amd64 libxml-xpathengine-perl all 0.14-1 [31.8 kB]
Get:145 http://us-west-2.ec2.archive.ubuntu.com/ubuntu jammy/main amd64 libxv1 amd64 2:1.0.11-1build2 [11.2 kB]
Get:146 http://us-west-2.ec2.archive.ubuntu.com/ubuntu jammy/main amd64 libxxf86dga1 amd64 2:1.1.5-0ubuntu3 [12.6 kB]
Get:147 http://us-west-2.ec2.archive.ubuntu.com/ubuntu jammy-updates/main amd64 mesa-vulkan-drivers amd64 22.0.5-0ubuntu0.1 [4973 kB]
Get:148 http://us-west-2.ec2.archive.ubuntu.com/ubuntu jammy/universe amd64 tilix-common all 1.9.4-2build1 [281 kB]
Get:149 http://us-west-2.ec2.archive.ubuntu.com/ubuntu jammy/universe amd64 tilix amd64 1.9.4-2build1 [681 kB]
Get:150 http://us-west-2.ec2.archive.ubuntu.com/ubuntu jammy/main amd64 libglvnd0 amd64 1.4.0-1 [73.6 kB]
Get:151 http://us-west-2.ec2.archive.ubuntu.com/ubuntu jammy/main amd64 libglx0 amd64 1.4.0-1 [41.0 kB]
Get:152 http://us-west-2.ec2.archive.ubuntu.com/ubuntu jammy/main amd64 libgl1 amd64 1.4.0-1 [110 kB]
Get:153 http://us-west-2.ec2.archive.ubuntu.com/ubuntu jammy/main amd64 x11-utils amd64 7.7+5build2 [206 kB]
Get:154 http://us-west-2.ec2.archive.ubuntu.com/ubuntu jammy/main amd64 x11-xserver-utils amd64 7.7+9build1 [170 kB]
Get:155 http://us-west-2.ec2.archive.ubuntu.com/ubuntu jammy/main amd64 libauthen-sasl-perl all 2.1600-1.1 [43.1 kB]
Fetched 84.2 MB in 2s (45.5 MB/s)
Extracting templates from packages: 100%
Selecting previously unselected package fonts-liberation.
(Reading database ... 70719 files and directories currently installed.)
Preparing to unpack .../000-fonts-liberation_1%3a1.07.4-11_all.deb ...
Unpacking fonts-liberation (1:1.07.4-11) ...
Selecting previously unselected package libasound2-data.
Preparing to unpack .../001-libasound2-data_1.2.6.1-1ubuntu1_all.deb ...
Unpacking libasound2-data (1.2.6.1-1ubuntu1) ...
Selecting previously unselected package libasound2:amd64.
Preparing to unpack .../002-libasound2_1.2.6.1-1ubuntu1_amd64.deb ...
Unpacking libasound2:amd64 (1.2.6.1-1ubuntu1) ...
Selecting previously unselected package libatk1.0-data.
Preparing to unpack .../003-libatk1.0-data_2.36.0-3build1_all.deb ...
Unpacking libatk1.0-data (2.36.0-3build1) ...
Selecting previously unselected package libatk1.0-0:amd64.
Preparing to unpack .../004-libatk1.0-0_2.36.0-3build1_amd64.deb ...
Unpacking libatk1.0-0:amd64 (2.36.0-3build1) ...
Selecting previously unselected package libxi6:amd64.
Preparing to unpack .../005-libxi6_2%3a1.8-1build1_amd64.deb ...
Unpacking libxi6:amd64 (2:1.8-1build1) ...
Selecting previously unselected package libatspi2.0-0:amd64.
Preparing to unpack .../006-libatspi2.0-0_2.44.0-3_amd64.deb ...
Unpacking libatspi2.0-0:amd64 (2.44.0-3) ...
Selecting previously unselected package libatk-bridge2.0-0:amd64.
Preparing to unpack .../007-libatk-bridge2.0-0_2.38.0-3_amd64.deb ...
Unpacking libatk-bridge2.0-0:amd64 (2.38.0-3) ...
Selecting previously unselected package libpixman-1-0:amd64.
Preparing to unpack .../008-libpixman-1-0_0.40.0-1build4_amd64.deb ...
Unpacking libpixman-1-0:amd64 (0.40.0-1build4) ...
Selecting previously unselected package libxcb-render0:amd64.
Preparing to unpack .../009-libxcb-render0_1.14-3ubuntu3_amd64.deb ...
Unpacking libxcb-render0:amd64 (1.14-3ubuntu3) ...
Selecting previously unselected package libxcb-shm0:amd64.
Preparing to unpack .../010-libxcb-shm0_1.14-3ubuntu3_amd64.deb ...
Unpacking libxcb-shm0:amd64 (1.14-3ubuntu3) ...
Selecting previously unselected package libxrender1:amd64.
Preparing to unpack .../011-libxrender1_1%3a0.9.10-1build4_amd64.deb ...
Unpacking libxrender1:amd64 (1:0.9.10-1build4) ...
Selecting previously unselected package libcairo2:amd64.
Preparing to unpack .../012-libcairo2_1.16.0-5ubuntu2_amd64.deb ...
Unpacking libcairo2:amd64 (1.16.0-5ubuntu2) ...
Selecting previously unselected package libavahi-common-data:amd64.
Preparing to unpack .../013-libavahi-common-data_0.8-5ubuntu5_amd64.deb ...
Unpacking libavahi-common-data:amd64 (0.8-5ubuntu5) ...
Selecting previously unselected package libavahi-common3:amd64.
Preparing to unpack .../014-libavahi-common3_0.8-5ubuntu5_amd64.deb ...
Unpacking libavahi-common3:amd64 (0.8-5ubuntu5) ...
Selecting previously unselected package libavahi-client3:amd64.
Preparing to unpack .../015-libavahi-client3_0.8-5ubuntu5_amd64.deb ...
Unpacking libavahi-client3:amd64 (0.8-5ubuntu5) ...
Selecting previously unselected package libcups2:amd64.
Preparing to unpack .../016-libcups2_2.4.1op1-1ubuntu4.1_amd64.deb ...
Unpacking libcups2:amd64 (2.4.1op1-1ubuntu4.1) ...
Selecting previously unselected package libwayland-server0:amd64.
Preparing to unpack .../017-libwayland-server0_1.20.0-1ubuntu0.1_amd64.deb ...
Unpacking libwayland-server0:amd64 (1.20.0-1ubuntu0.1) ...
Selecting previously unselected package libgbm1:amd64.
Preparing to unpack .../018-libgbm1_22.0.5-0ubuntu0.1_amd64.deb ...
Unpacking libgbm1:amd64 (22.0.5-0ubuntu0.1) ...
Selecting previously unselected package hicolor-icon-theme.
Preparing to unpack .../019-hicolor-icon-theme_0.17-2_all.deb ...
Unpacking hicolor-icon-theme (0.17-2) ...
Selecting previously unselected package libgdk-pixbuf2.0-common.
Preparing to unpack .../020-libgdk-pixbuf2.0-common_2.42.8+dfsg-1ubuntu0.1_all.deb ...
Unpacking libgdk-pixbuf2.0-common (2.42.8+dfsg-1ubuntu0.1) ...
Selecting previously unselected package libgdk-pixbuf-2.0-0:amd64.
Preparing to unpack .../021-libgdk-pixbuf-2.0-0_2.42.8+dfsg-1ubuntu0.1_amd64.deb ...
Unpacking libgdk-pixbuf-2.0-0:amd64 (2.42.8+dfsg-1ubuntu0.1) ...
Selecting previously unselected package gtk-update-icon-cache.
Preparing to unpack .../022-gtk-update-icon-cache_3.24.33-1ubuntu2_amd64.deb ...
Unpacking gtk-update-icon-cache (3.24.33-1ubuntu2) ...
Selecting previously unselected package humanity-icon-theme.
Preparing to unpack .../023-humanity-icon-theme_0.6.16_all.deb ...
Unpacking humanity-icon-theme (0.6.16) ...
Selecting previously unselected package ubuntu-mono.
Preparing to unpack .../024-ubuntu-mono_20.10-0ubuntu2_all.deb ...
Unpacking ubuntu-mono (20.10-0ubuntu2) ...
Selecting previously unselected package adwaita-icon-theme.
Preparing to unpack .../025-adwaita-icon-theme_41.0-1ubuntu1_all.deb ...
Unpacking adwaita-icon-theme (41.0-1ubuntu1) ...
Selecting previously unselected package libcairo-gobject2:amd64.
Preparing to unpack .../026-libcairo-gobject2_1.16.0-5ubuntu2_amd64.deb ...
Unpacking libcairo-gobject2:amd64 (1.16.0-5ubuntu2) ...
Selecting previously unselected package liblcms2-2:amd64.
Preparing to unpack .../027-liblcms2-2_2.12~rc1-2build2_amd64.deb ...
Unpacking liblcms2-2:amd64 (2.12~rc1-2build2) ...
Selecting previously unselected package libcolord2:amd64.
Preparing to unpack .../028-libcolord2_1.4.6-1_amd64.deb ...
Unpacking libcolord2:amd64 (1.4.6-1) ...
Selecting previously unselected package libepoxy0:amd64.
Preparing to unpack .../029-libepoxy0_1.5.10-1_amd64.deb ...
Unpacking libepoxy0:amd64 (1.5.10-1) ...
Selecting previously unselected package libgraphite2-3:amd64.
Preparing to unpack .../030-libgraphite2-3_1.3.14-1build2_amd64.deb ...
Unpacking libgraphite2-3:amd64 (1.3.14-1build2) ...
Selecting previously unselected package libharfbuzz0b:amd64.
Preparing to unpack .../031-libharfbuzz0b_2.7.4-1ubuntu3.1_amd64.deb ...
Unpacking libharfbuzz0b:amd64 (2.7.4-1ubuntu3.1) ...
Selecting previously unselected package fontconfig.
Preparing to unpack .../032-fontconfig_2.13.1-4.2ubuntu5_amd64.deb ...
Unpacking fontconfig (2.13.1-4.2ubuntu5) ...
Selecting previously unselected package libthai-data.
Preparing to unpack .../033-libthai-data_0.1.29-1build1_all.deb ...
Unpacking libthai-data (0.1.29-1build1) ...
Selecting previously unselected package libdatrie1:amd64.
Preparing to unpack .../034-libdatrie1_0.2.13-2_amd64.deb ...
Unpacking libdatrie1:amd64 (0.2.13-2) ...
Selecting previously unselected package libthai0:amd64.
Preparing to unpack .../035-libthai0_0.1.29-1build1_amd64.deb ...
Unpacking libthai0:amd64 (0.1.29-1build1) ...
Selecting previously unselected package libpango-1.0-0:amd64.
Preparing to unpack .../036-libpango-1.0-0_1.50.6+ds-2_amd64.deb ...
Unpacking libpango-1.0-0:amd64 (1.50.6+ds-2) ...
Selecting previously unselected package libpangoft2-1.0-0:amd64.
Preparing to unpack .../037-libpangoft2-1.0-0_1.50.6+ds-2_amd64.deb ...
Unpacking libpangoft2-1.0-0:amd64 (1.50.6+ds-2) ...
Selecting previously unselected package libpangocairo-1.0-0:amd64.
Preparing to unpack .../038-libpangocairo-1.0-0_1.50.6+ds-2_amd64.deb ...
Unpacking libpangocairo-1.0-0:amd64 (1.50.6+ds-2) ...
Selecting previously unselected package libwayland-client0:amd64.
Preparing to unpack .../039-libwayland-client0_1.20.0-1ubuntu0.1_amd64.deb ...
Unpacking libwayland-client0:amd64 (1.20.0-1ubuntu0.1) ...
Selecting previously unselected package libwayland-cursor0:amd64.
Preparing to unpack .../040-libwayland-cursor0_1.20.0-1ubuntu0.1_amd64.deb ...
Unpacking libwayland-cursor0:amd64 (1.20.0-1ubuntu0.1) ...
Selecting previously unselected package libwayland-egl1:amd64.
Preparing to unpack .../041-libwayland-egl1_1.20.0-1ubuntu0.1_amd64.deb ...
Unpacking libwayland-egl1:amd64 (1.20.0-1ubuntu0.1) ...
Selecting previously unselected package libxcomposite1:amd64.
Preparing to unpack .../042-libxcomposite1_1%3a0.4.5-1build2_amd64.deb ...
Unpacking libxcomposite1:amd64 (1:0.4.5-1build2) ...
Selecting previously unselected package libxfixes3:amd64.
Preparing to unpack .../043-libxfixes3_1%3a6.0.0-1_amd64.deb ...
Unpacking libxfixes3:amd64 (1:6.0.0-1) ...
Selecting previously unselected package libxcursor1:amd64.
Preparing to unpack .../044-libxcursor1_1%3a1.2.0-2build4_amd64.deb ...
Unpacking libxcursor1:amd64 (1:1.2.0-2build4) ...
Selecting previously unselected package libxdamage1:amd64.
Preparing to unpack .../045-libxdamage1_1%3a1.1.5-2build2_amd64.deb ...
Unpacking libxdamage1:amd64 (1:1.1.5-2build2) ...
Selecting previously unselected package libxinerama1:amd64.
Preparing to unpack .../046-libxinerama1_2%3a1.1.4-3_amd64.deb ...
Unpacking libxinerama1:amd64 (2:1.1.4-3) ...
Selecting previously unselected package libxkbcommon0:amd64.
Preparing to unpack .../047-libxkbcommon0_1.4.0-1_amd64.deb ...
Unpacking libxkbcommon0:amd64 (1.4.0-1) ...
Selecting previously unselected package libxrandr2:amd64.
Preparing to unpack .../048-libxrandr2_2%3a1.5.2-1build1_amd64.deb ...
Unpacking libxrandr2:amd64 (2:1.5.2-1build1) ...
Selecting previously unselected package libdconf1:amd64.
Preparing to unpack .../049-libdconf1_0.40.0-3_amd64.deb ...
Unpacking libdconf1:amd64 (0.40.0-3) ...
Selecting previously unselected package dconf-service.
Preparing to unpack .../050-dconf-service_0.40.0-3_amd64.deb ...
Unpacking dconf-service (0.40.0-3) ...
Selecting previously unselected package dconf-gsettings-backend:amd64.
Preparing to unpack .../051-dconf-gsettings-backend_0.40.0-3_amd64.deb ...
Unpacking dconf-gsettings-backend:amd64 (0.40.0-3) ...
Selecting previously unselected package libgtk-3-common.
Preparing to unpack .../052-libgtk-3-common_3.24.33-1ubuntu2_all.deb ...
Unpacking libgtk-3-common (3.24.33-1ubuntu2) ...
Selecting previously unselected package libgtk-3-0:amd64.
Preparing to unpack .../053-libgtk-3-0_3.24.33-1ubuntu2_amd64.deb ...
Unpacking libgtk-3-0:amd64 (3.24.33-1ubuntu2) ...
Selecting previously unselected package xdg-utils.
Preparing to unpack .../054-xdg-utils_1.1.3-4.1ubuntu3~22.04.1_all.deb ...
Unpacking xdg-utils (1.1.3-4.1ubuntu3~22.04.1) ...
Selecting previously unselected package alsa-topology-conf.
Preparing to unpack .../055-alsa-topology-conf_1.2.5.1-2_all.deb ...
Unpacking alsa-topology-conf (1.2.5.1-2) ...
Selecting previously unselected package alsa-ucm-conf.
Preparing to unpack .../056-alsa-ucm-conf_1.2.6.3-1ubuntu1_all.deb ...
Unpacking alsa-ucm-conf (1.2.6.3-1ubuntu1) ...
Selecting previously unselected package x11-common.
Preparing to unpack .../057-x11-common_1%3a7.7+23ubuntu2_all.deb ...
Unpacking x11-common (1:7.7+23ubuntu2) ...
Selecting previously unselected package libxtst6:amd64.
Preparing to unpack .../058-libxtst6_2%3a1.2.3-1build4_amd64.deb ...
Unpacking libxtst6:amd64 (2:1.2.3-1build4) ...
Selecting previously unselected package session-migration.
Preparing to unpack .../059-session-migration_0.3.6_amd64.deb ...
Unpacking session-migration (0.3.6) ...
Selecting previously unselected package gsettings-desktop-schemas.
Preparing to unpack .../060-gsettings-desktop-schemas_42.0-1ubuntu1_all.deb ...
Unpacking gsettings-desktop-schemas (42.0-1ubuntu1) ...
Selecting previously unselected package at-spi2-core.
Preparing to unpack .../061-at-spi2-core_2.44.0-3_amd64.deb ...
Unpacking at-spi2-core (2.44.0-3) ...
Selecting previously unselected package libclone-perl.
Preparing to unpack .../062-libclone-perl_0.45-1build3_amd64.deb ...
Unpacking libclone-perl (0.45-1build3) ...
Selecting previously unselected package libdata-dump-perl.
Preparing to unpack .../063-libdata-dump-perl_1.25-1_all.deb ...
Unpacking libdata-dump-perl (1.25-1) ...
Selecting previously unselected package libdrm-amdgpu1:amd64.
Preparing to unpack .../064-libdrm-amdgpu1_2.4.110-1ubuntu1_amd64.deb ...
Unpacking libdrm-amdgpu1:amd64 (2.4.110-1ubuntu1) ...
Selecting previously unselected package libpciaccess0:amd64.
Preparing to unpack .../065-libpciaccess0_0.16-3_amd64.deb ...
Unpacking libpciaccess0:amd64 (0.16-3) ...
Selecting previously unselected package libdrm-intel1:amd64.
Preparing to unpack .../066-libdrm-intel1_2.4.110-1ubuntu1_amd64.deb ...
Unpacking libdrm-intel1:amd64 (2.4.110-1ubuntu1) ...
Selecting previously unselected package libdrm-nouveau2:amd64.
Preparing to unpack .../067-libdrm-nouveau2_2.4.110-1ubuntu1_amd64.deb ...
Unpacking libdrm-nouveau2:amd64 (2.4.110-1ubuntu1) ...
Selecting previously unselected package libdrm-radeon1:amd64.
Preparing to unpack .../068-libdrm-radeon1_2.4.110-1ubuntu1_amd64.deb ...
Unpacking libdrm-radeon1:amd64 (2.4.110-1ubuntu1) ...
Selecting previously unselected package libencode-locale-perl.
Preparing to unpack .../069-libencode-locale-perl_1.05-1.1_all.deb ...
Unpacking libencode-locale-perl (1.05-1.1) ...
Selecting previously unselected package libipc-system-simple-perl.
Preparing to unpack .../070-libipc-system-simple-perl_1.30-1_all.deb ...
Unpacking libipc-system-simple-perl (1.30-1) ...
Selecting previously unselected package libfile-basedir-perl.
Preparing to unpack .../071-libfile-basedir-perl_0.09-1_all.deb ...
Unpacking libfile-basedir-perl (0.09-1) ...
Selecting previously unselected package liburi-perl.
Preparing to unpack .../072-liburi-perl_5.10-1_all.deb ...
Unpacking liburi-perl (5.10-1) ...
Selecting previously unselected package libfile-desktopentry-perl.
Preparing to unpack .../073-libfile-desktopentry-perl_0.22-2_all.deb ...
Unpacking libfile-desktopentry-perl (0.22-2) ...
Selecting previously unselected package libtimedate-perl.
Preparing to unpack .../074-libtimedate-perl_2.3300-2_all.deb ...
Unpacking libtimedate-perl (2.3300-2) ...
Selecting previously unselected package libhttp-date-perl.
Preparing to unpack .../075-libhttp-date-perl_6.05-1_all.deb ...
Unpacking libhttp-date-perl (6.05-1) ...
Selecting previously unselected package libfile-listing-perl.
Preparing to unpack .../076-libfile-listing-perl_6.14-1_all.deb ...
Unpacking libfile-listing-perl (6.14-1) ...
Selecting previously unselected package libfile-mimeinfo-perl.
Preparing to unpack .../077-libfile-mimeinfo-perl_0.31-1_all.deb ...
Unpacking libfile-mimeinfo-perl (0.31-1) ...
Selecting previously unselected package libfont-afm-perl.
Preparing to unpack .../078-libfont-afm-perl_1.20-3_all.deb ...
Unpacking libfont-afm-perl (1.20-3) ...
Selecting previously unselected package libfontenc1:amd64.
Preparing to unpack .../079-libfontenc1_1%3a1.1.4-1build3_amd64.deb ...
Unpacking libfontenc1:amd64 (1:1.1.4-1build3) ...
Selecting previously unselected package libgdk-pixbuf2.0-bin.
Preparing to unpack .../080-libgdk-pixbuf2.0-bin_2.42.8+dfsg-1ubuntu0.1_amd64.deb ...
Unpacking libgdk-pixbuf2.0-bin (2.42.8+dfsg-1ubuntu0.1) ...
Selecting previously unselected package libglapi-mesa:amd64.
Preparing to unpack .../081-libglapi-mesa_22.0.5-0ubuntu0.1_amd64.deb ...
Unpacking libglapi-mesa:amd64 (22.0.5-0ubuntu0.1) ...
Selecting previously unselected package libgl1-amber-dri:amd64.
Preparing to unpack .../082-libgl1-amber-dri_21.3.7-0ubuntu1_amd64.deb ...
Unpacking libgl1-amber-dri:amd64 (21.3.7-0ubuntu1) ...
Selecting previously unselected package libllvm13:amd64.
Preparing to unpack .../083-libllvm13_1%3a13.0.1-2ubuntu2.1_amd64.deb ...
Unpacking libllvm13:amd64 (1:13.0.1-2ubuntu2.1) ...
Selecting previously unselected package libsensors-config.
Preparing to unpack .../084-libsensors-config_1%3a3.6.0-7ubuntu1_all.deb ...
Unpacking libsensors-config (1:3.6.0-7ubuntu1) ...
Selecting previously unselected package libsensors5:amd64.
Preparing to unpack .../085-libsensors5_1%3a3.6.0-7ubuntu1_amd64.deb ...
Unpacking libsensors5:amd64 (1:3.6.0-7ubuntu1) ...
Selecting previously unselected package libvulkan1:amd64.
Preparing to unpack .../086-libvulkan1_1.3.204.1-2_amd64.deb ...
Unpacking libvulkan1:amd64 (1.3.204.1-2) ...
Selecting previously unselected package libgl1-mesa-dri:amd64.
Preparing to unpack .../087-libgl1-mesa-dri_22.0.5-0ubuntu0.1_amd64.deb ...
Unpacking libgl1-mesa-dri:amd64 (22.0.5-0ubuntu0.1) ...
Selecting previously unselected package libx11-xcb1:amd64.
Preparing to unpack .../088-libx11-xcb1_2%3a1.7.5-1_amd64.deb ...
Unpacking libx11-xcb1:amd64 (2:1.7.5-1) ...
Selecting previously unselected package libxcb-dri2-0:amd64.
Preparing to unpack .../089-libxcb-dri2-0_1.14-3ubuntu3_amd64.deb ...
Unpacking libxcb-dri2-0:amd64 (1.14-3ubuntu3) ...
Selecting previously unselected package libxcb-dri3-0:amd64.
Preparing to unpack .../090-libxcb-dri3-0_1.14-3ubuntu3_amd64.deb ...
Unpacking libxcb-dri3-0:amd64 (1.14-3ubuntu3) ...
Selecting previously unselected package libxcb-glx0:amd64.
Preparing to unpack .../091-libxcb-glx0_1.14-3ubuntu3_amd64.deb ...
Unpacking libxcb-glx0:amd64 (1.14-3ubuntu3) ...
Selecting previously unselected package libxcb-present0:amd64.
Preparing to unpack .../092-libxcb-present0_1.14-3ubuntu3_amd64.deb ...
Unpacking libxcb-present0:amd64 (1.14-3ubuntu3) ...
Selecting previously unselected package libxcb-sync1:amd64.
Preparing to unpack .../093-libxcb-sync1_1.14-3ubuntu3_amd64.deb ...
Unpacking libxcb-sync1:amd64 (1.14-3ubuntu3) ...
Selecting previously unselected package libxcb-xfixes0:amd64.
Preparing to unpack .../094-libxcb-xfixes0_1.14-3ubuntu3_amd64.deb ...
Unpacking libxcb-xfixes0:amd64 (1.14-3ubuntu3) ...
Selecting previously unselected package libxshmfence1:amd64.
Preparing to unpack .../095-libxshmfence1_1.3-1build4_amd64.deb ...
Unpacking libxshmfence1:amd64 (1.3-1build4) ...
Selecting previously unselected package libxxf86vm1:amd64.
Preparing to unpack .../096-libxxf86vm1_1%3a1.1.4-1build3_amd64.deb ...
Unpacking libxxf86vm1:amd64 (1:1.1.4-1build3) ...
Selecting previously unselected package libglx-mesa0:amd64.
Preparing to unpack .../097-libglx-mesa0_22.0.5-0ubuntu0.1_amd64.deb ...
Unpacking libglx-mesa0:amd64 (22.0.5-0ubuntu0.1) ...
Selecting previously unselected package libgtk-3-bin.
Preparing to unpack .../098-libgtk-3-bin_3.24.33-1ubuntu2_amd64.deb ...
Unpacking libgtk-3-bin (3.24.33-1ubuntu2) ...
Selecting previously unselected package librsvg2-2:amd64.
Preparing to unpack .../099-librsvg2-2_2.52.5+dfsg-3_amd64.deb ...
Unpacking librsvg2-2:amd64 (2.52.5+dfsg-3) ...
Selecting previously unselected package libllvm11:amd64.
Preparing to unpack .../100-libllvm11_1%3a11.1.0-6_amd64.deb ...
Unpacking libllvm11:amd64 (1:11.1.0-6) ...
Selecting previously unselected package libphobos2-ldc-shared98:amd64.
Preparing to unpack .../101-libphobos2-ldc-shared98_1%3a1.28.0-1ubuntu1_amd64.deb ...
Unpacking libphobos2-ldc-shared98:amd64 (1:1.28.0-1ubuntu1) ...
Selecting previously unselected package libgtkd-3-0:amd64.
Preparing to unpack .../102-libgtkd-3-0_3.10.0-1ubuntu1_amd64.deb ...
Unpacking libgtkd-3-0:amd64 (3.10.0-1ubuntu1) ...
Selecting previously unselected package libhtml-tagset-perl.
Preparing to unpack .../103-libhtml-tagset-perl_3.20-4_all.deb ...
Unpacking libhtml-tagset-perl (3.20-4) ...
Selecting previously unselected package libhtml-parser-perl:amd64.
Preparing to unpack .../104-libhtml-parser-perl_3.76-1build2_amd64.deb ...
Unpacking libhtml-parser-perl:amd64 (3.76-1build2) ...
Selecting previously unselected package libio-html-perl.
Preparing to unpack .../105-libio-html-perl_1.004-2_all.deb ...
Unpacking libio-html-perl (1.004-2) ...
Selecting previously unselected package liblwp-mediatypes-perl.
Preparing to unpack .../106-liblwp-mediatypes-perl_6.04-1_all.deb ...
Unpacking liblwp-mediatypes-perl (6.04-1) ...
Selecting previously unselected package libhttp-message-perl.
Preparing to unpack .../107-libhttp-message-perl_6.36-1_all.deb ...
Unpacking libhttp-message-perl (6.36-1) ...
Selecting previously unselected package libhtml-form-perl.
Preparing to unpack .../108-libhtml-form-perl_6.07-1_all.deb ...
Unpacking libhtml-form-perl (6.07-1) ...
Selecting previously unselected package libhtml-tree-perl.
Preparing to unpack .../109-libhtml-tree-perl_5.07-2_all.deb ...
Unpacking libhtml-tree-perl (5.07-2) ...
Selecting previously unselected package libhtml-format-perl.
Preparing to unpack .../110-libhtml-format-perl_2.12-1.1_all.deb ...
Unpacking libhtml-format-perl (2.12-1.1) ...
Selecting previously unselected package libhttp-cookies-perl.
Preparing to unpack .../111-libhttp-cookies-perl_6.10-1_all.deb ...
Unpacking libhttp-cookies-perl (6.10-1) ...
Selecting previously unselected package libhttp-daemon-perl.
Preparing to unpack .../112-libhttp-daemon-perl_6.13-1ubuntu0.1_all.deb ...
Unpacking libhttp-daemon-perl (6.13-1ubuntu0.1) ...
Selecting previously unselected package libhttp-negotiate-perl.
Preparing to unpack .../113-libhttp-negotiate-perl_6.01-1_all.deb ...
Unpacking libhttp-negotiate-perl (6.01-1) ...
Selecting previously unselected package libice6:amd64.
Preparing to unpack .../114-libice6_2%3a1.0.10-1build2_amd64.deb ...
Unpacking libice6:amd64 (2:1.0.10-1build2) ...
Selecting previously unselected package perl-openssl-defaults:amd64.
Preparing to unpack .../115-perl-openssl-defaults_5build2_amd64.deb ...
Unpacking perl-openssl-defaults:amd64 (5build2) ...
Selecting previously unselected package libnet-ssleay-perl:amd64.
Preparing to unpack .../116-libnet-ssleay-perl_1.92-1build2_amd64.deb ...
Unpacking libnet-ssleay-perl:amd64 (1.92-1build2) ...
Selecting previously unselected package libio-socket-ssl-perl.
Preparing to unpack .../117-libio-socket-ssl-perl_2.074-2_all.deb ...
Unpacking libio-socket-ssl-perl (2.074-2) ...
Selecting previously unselected package libio-stringy-perl.
Preparing to unpack .../118-libio-stringy-perl_2.111-3_all.deb ...
Unpacking libio-stringy-perl (2.111-3) ...
Selecting previously unselected package libnet-http-perl.
Preparing to unpack .../119-libnet-http-perl_6.22-1_all.deb ...
Unpacking libnet-http-perl (6.22-1) ...
Selecting previously unselected package libtry-tiny-perl.
Preparing to unpack .../120-libtry-tiny-perl_0.31-1_all.deb ...
Unpacking libtry-tiny-perl (0.31-1) ...
Selecting previously unselected package libwww-robotrules-perl.
Preparing to unpack .../121-libwww-robotrules-perl_6.02-1_all.deb ...
Unpacking libwww-robotrules-perl (6.02-1) ...
Selecting previously unselected package libwww-perl.
Preparing to unpack .../122-libwww-perl_6.61-1_all.deb ...
Unpacking libwww-perl (6.61-1) ...
Selecting previously unselected package liblwp-protocol-https-perl.
Preparing to unpack .../123-liblwp-protocol-https-perl_6.10-1_all.deb ...
Unpacking liblwp-protocol-https-perl (6.10-1) ...
Selecting previously unselected package libnet-smtp-ssl-perl.
Preparing to unpack .../124-libnet-smtp-ssl-perl_1.04-1_all.deb ...
Unpacking libnet-smtp-ssl-perl (1.04-1) ...
Selecting previously unselected package libmailtools-perl.
Preparing to unpack .../125-libmailtools-perl_2.21-1_all.deb ...
Unpacking libmailtools-perl (2.21-1) ...
Selecting previously unselected package libxml-parser-perl:amd64.
Preparing to unpack .../126-libxml-parser-perl_2.46-3build1_amd64.deb ...
Unpacking libxml-parser-perl:amd64 (2.46-3build1) ...
Selecting previously unselected package libxml-twig-perl.
Preparing to unpack .../127-libxml-twig-perl_1%3a3.52-1_all.deb ...
Unpacking libxml-twig-perl (1:3.52-1) ...
Selecting previously unselected package libnet-dbus-perl.
Preparing to unpack .../128-libnet-dbus-perl_1.2.0-1build3_amd64.deb ...
Unpacking libnet-dbus-perl (1.2.0-1build3) ...
Selecting previously unselected package librsvg2-common:amd64.
Preparing to unpack .../129-librsvg2-common_2.52.5+dfsg-3_amd64.deb ...
Unpacking librsvg2-common:amd64 (2.52.5+dfsg-3) ...
Selecting previously unselected package libsm6:amd64.
Preparing to unpack .../130-libsm6_2%3a1.2.3-1build2_amd64.deb ...
Unpacking libsm6:amd64 (2:1.2.3-1build2) ...
Selecting previously unselected package libtie-ixhash-perl.
Preparing to unpack .../131-libtie-ixhash-perl_1.23-2.1_all.deb ...
Unpacking libtie-ixhash-perl (1.23-2.1) ...
Selecting previously unselected package libvte-2.91-common.
Preparing to unpack .../132-libvte-2.91-common_0.68.0-1_amd64.deb ...
Unpacking libvte-2.91-common (0.68.0-1) ...
Selecting previously unselected package libvte-2.91-0:amd64.
Preparing to unpack .../133-libvte-2.91-0_0.68.0-1_amd64.deb ...
Unpacking libvte-2.91-0:amd64 (0.68.0-1) ...
Selecting previously unselected package libvted-3-0:amd64.
Preparing to unpack .../134-libvted-3-0_3.10.0-1ubuntu1_amd64.deb ...
Unpacking libvted-3-0:amd64 (3.10.0-1ubuntu1) ...
Selecting previously unselected package libx11-protocol-perl.
Preparing to unpack .../135-libx11-protocol-perl_0.56-7.1_all.deb ...
Unpacking libx11-protocol-perl (0.56-7.1) ...
Selecting previously unselected package libxt6:amd64.
Preparing to unpack .../136-libxt6_1%3a1.2.1-1_amd64.deb ...
Unpacking libxt6:amd64 (1:1.2.1-1) ...
Selecting previously unselected package libxmu6:amd64.
Preparing to unpack .../137-libxmu6_2%3a1.1.3-3_amd64.deb ...
Unpacking libxmu6:amd64 (2:1.1.3-3) ...
Selecting previously unselected package libxaw7:amd64.
Preparing to unpack .../138-libxaw7_2%3a1.0.14-1_amd64.deb ...
Unpacking libxaw7:amd64 (2:1.0.14-1) ...
Selecting previously unselected package libxcb-randr0:amd64.
Preparing to unpack .../139-libxcb-randr0_1.14-3ubuntu3_amd64.deb ...
Unpacking libxcb-randr0:amd64 (1.14-3ubuntu3) ...
Selecting previously unselected package libxcb-shape0:amd64.
Preparing to unpack .../140-libxcb-shape0_1.14-3ubuntu3_amd64.deb ...
Unpacking libxcb-shape0:amd64 (1.14-3ubuntu3) ...
Selecting previously unselected package libxft2:amd64.
Preparing to unpack .../141-libxft2_2.3.4-1_amd64.deb ...
Unpacking libxft2:amd64 (2.3.4-1) ...
Selecting previously unselected package libxkbfile1:amd64.
Preparing to unpack .../142-libxkbfile1_1%3a1.1.0-1build3_amd64.deb ...
Unpacking libxkbfile1:amd64 (1:1.1.0-1build3) ...
Selecting previously unselected package libxml-xpathengine-perl.
Preparing to unpack .../143-libxml-xpathengine-perl_0.14-1_all.deb ...
Unpacking libxml-xpathengine-perl (0.14-1) ...
Selecting previously unselected package libxv1:amd64.
Preparing to unpack .../144-libxv1_2%3a1.0.11-1build2_amd64.deb ...
Unpacking libxv1:amd64 (2:1.0.11-1build2) ...
Selecting previously unselected package libxxf86dga1:amd64.
Preparing to unpack .../145-libxxf86dga1_2%3a1.1.5-0ubuntu3_amd64.deb ...
Unpacking libxxf86dga1:amd64 (2:1.1.5-0ubuntu3) ...
Selecting previously unselected package mesa-vulkan-drivers:amd64.
Preparing to unpack .../146-mesa-vulkan-drivers_22.0.5-0ubuntu0.1_amd64.deb ...
Unpacking mesa-vulkan-drivers:amd64 (22.0.5-0ubuntu0.1) ...
Selecting previously unselected package tilix-common.
Preparing to unpack .../147-tilix-common_1.9.4-2build1_all.deb ...
Unpacking tilix-common (1.9.4-2build1) ...
Selecting previously unselected package tilix.
Preparing to unpack .../148-tilix_1.9.4-2build1_amd64.deb ...
Unpacking tilix (1.9.4-2build1) ...
Selecting previously unselected package libglvnd0:amd64.
Preparing to unpack .../149-libglvnd0_1.4.0-1_amd64.deb ...
Unpacking libglvnd0:amd64 (1.4.0-1) ...
Selecting previously unselected package libglx0:amd64.
Preparing to unpack .../150-libglx0_1.4.0-1_amd64.deb ...
Unpacking libglx0:amd64 (1.4.0-1) ...
Selecting previously unselected package libgl1:amd64.
Preparing to unpack .../151-libgl1_1.4.0-1_amd64.deb ...
Unpacking libgl1:amd64 (1.4.0-1) ...
Selecting previously unselected package x11-utils.
Preparing to unpack .../152-x11-utils_7.7+5build2_amd64.deb ...
Unpacking x11-utils (7.7+5build2) ...
Selecting previously unselected package x11-xserver-utils.
Preparing to unpack .../153-x11-xserver-utils_7.7+9build1_amd64.deb ...
Unpacking x11-xserver-utils (7.7+9build1) ...
Selecting previously unselected package libauthen-sasl-perl.
Preparing to unpack .../154-libauthen-sasl-perl_2.1600-1.1_all.deb ...
Unpacking libauthen-sasl-perl (2.1600-1.1) ...
Setting up libgraphite2-3:amd64 (1.3.14-1build2) ...
Setting up libxcb-dri3-0:amd64 (1.14-3ubuntu3) ...
Setting up liblcms2-2:amd64 (2.12~rc1-2build2) ...
Setting up libpixman-1-0:amd64 (0.40.0-1build4) ...
Setting up libwayland-server0:amd64 (1.20.0-1ubuntu0.1) ...
Setting up libx11-xcb1:amd64 (2:1.7.5-1) ...
Setting up libpciaccess0:amd64 (0.16-3) ...
Setting up session-migration (0.3.6) ...
Created symlink /etc/systemd/user/graphical-session-pre.target.wants/session-migration.service → /usr/lib/systemd/user/session-migration.service.
Setting up fontconfig (2.13.1-4.2ubuntu5) ...
Regenerating fonts cache... done.
Setting up libdrm-nouveau2:amd64 (2.4.110-1ubuntu1) ...
Setting up libtie-ixhash-perl (1.23-2.1) ...
Setting up libxdamage1:amd64 (1:1.1.5-2build2) ...
Setting up libxcb-xfixes0:amd64 (1.14-3ubuntu3) ...
Setting up hicolor-icon-theme (0.17-2) ...
Setting up libxi6:amd64 (2:1.8-1build1) ...
Setting up tilix-common (1.9.4-2build1) ...
Setting up libfont-afm-perl (1.20-3) ...
Setting up libxrender1:amd64 (1:0.9.10-1build4) ...
Setting up libvte-2.91-common (0.68.0-1) ...
Setting up libdatrie1:amd64 (0.2.13-2) ...
Setting up libgbm1:amd64 (22.0.5-0ubuntu0.1) ...
Setting up libxcb-render0:amd64 (1.14-3ubuntu3) ...
Setting up libclone-perl (0.45-1build3) ...
Setting up libdrm-radeon1:amd64 (2.4.110-1ubuntu1) ...
Setting up libglvnd0:amd64 (1.4.0-1) ...
Setting up libio-stringy-perl (2.111-3) ...
Setting up libhtml-tagset-perl (3.20-4) ...
Setting up libauthen-sasl-perl (2.1600-1.1) ...
Setting up libxcb-glx0:amd64 (1.14-3ubuntu3) ...
Setting up libdrm-intel1:amd64 (2.4.110-1ubuntu1) ...
Setting up liblwp-mediatypes-perl (6.04-1) ...
Setting up libgdk-pixbuf2.0-common (2.42.8+dfsg-1ubuntu0.1) ...
Setting up libxcb-shape0:amd64 (1.14-3ubuntu3) ...
Setting up x11-common (1:7.7+23ubuntu2) ...
Setting up libtry-tiny-perl (0.31-1) ...
Setting up libsensors-config (1:3.6.0-7ubuntu1) ...
Setting up libxxf86dga1:amd64 (2:1.1.5-0ubuntu3) ...
Setting up perl-openssl-defaults:amd64 (5build2) ...
Setting up libencode-locale-perl (1.05-1.1) ...
Setting up libxcb-shm0:amd64 (1.14-3ubuntu3) ...
Setting up libatspi2.0-0:amd64 (2.44.0-3) ...
Setting up libcairo2:amd64 (1.16.0-5ubuntu2) ...
Setting up libcolord2:amd64 (1.4.6-1) ...
Setting up libxxf86vm1:amd64 (1:1.1.4-1build3) ...
Setting up libxcb-present0:amd64 (1.14-3ubuntu3) ...
Setting up libdconf1:amd64 (0.40.0-3) ...
Setting up libasound2-data (1.2.6.1-1ubuntu1) ...
Setting up libfontenc1:amd64 (1:1.1.4-1build3) ...
Setting up libllvm11:amd64 (1:11.1.0-6) ...
Setting up libdata-dump-perl (1.25-1) ...
Setting up libepoxy0:amd64 (1.5.10-1) ...
Setting up libxfixes3:amd64 (1:6.0.0-1) ...
Setting up libxcb-sync1:amd64 (1.14-3ubuntu3) ...
Setting up libipc-system-simple-perl (1.30-1) ...
Setting up libxml-xpathengine-perl (0.14-1) ...
Setting up libavahi-common-data:amd64 (0.8-5ubuntu5) ...
Setting up libxinerama1:amd64 (2:1.1.4-3) ...
Setting up libxv1:amd64 (2:1.0.11-1build2) ...
Setting up libio-html-perl (1.004-2) ...
Setting up libxrandr2:amd64 (2:1.5.2-1build1) ...
Setting up libllvm13:amd64 (1:13.0.1-2ubuntu2.1) ...
Setting up libsensors5:amd64 (1:3.6.0-7ubuntu1) ...
Setting up libglapi-mesa:amd64 (22.0.5-0ubuntu0.1) ...
Setting up libvulkan1:amd64 (1.3.204.1-2) ...
Setting up libtimedate-perl (2.3300-2) ...
Setting up libxcb-dri2-0:amd64 (1.14-3ubuntu3) ...
Setting up libatk1.0-data (2.36.0-3build1) ...
Setting up alsa-topology-conf (1.2.5.1-2) ...
Setting up libxshmfence1:amd64 (1.3-1build4) ...
Setting up libxcb-randr0:amd64 (1.14-3ubuntu3) ...
Setting up libasound2:amd64 (1.2.6.1-1ubuntu1) ...
Setting up fonts-liberation (1:1.07.4-11) ...
Setting up libharfbuzz0b:amd64 (2.7.4-1ubuntu3.1) ...
Setting up libthai-data (0.1.29-1build1) ...
Setting up libgdk-pixbuf-2.0-0:amd64 (2.42.8+dfsg-1ubuntu0.1) ...
Setting up libcairo-gobject2:amd64 (1.16.0-5ubuntu2) ...
Setting up libatk1.0-0:amd64 (2.36.0-3build1) ...
Setting up libwayland-egl1:amd64 (1.20.0-1ubuntu0.1) ...
Setting up libxkbfile1:amd64 (1:1.1.0-1build3) ...
Setting up libxcomposite1:amd64 (1:0.4.5-1build2) ...
Setting up xdg-utils (1.1.3-4.1ubuntu3~22.04.1) ...
update-alternatives: using /usr/bin/xdg-open to provide /usr/bin/open (open) in auto mode
Setting up liburi-perl (5.10-1) ...
Setting up libx11-protocol-perl (0.56-7.1) ...
Setting up libdrm-amdgpu1:amd64 (2.4.110-1ubuntu1) ...
Setting up libxkbcommon0:amd64 (1.4.0-1) ...
Setting up libwayland-client0:amd64 (1.20.0-1ubuntu0.1) ...
Setting up libnet-ssleay-perl:amd64 (1.92-1build2) ...
Setting up libgl1-amber-dri:amd64 (21.3.7-0ubuntu1) ...
Setting up mesa-vulkan-drivers:amd64 (22.0.5-0ubuntu0.1) ...
Setting up gtk-update-icon-cache (3.24.33-1ubuntu2) ...
Setting up libice6:amd64 (2:1.0.10-1build2) ...
Setting up libhttp-date-perl (6.05-1) ...
Setting up libxft2:amd64 (2.3.4-1) ...
Setting up libfile-basedir-perl (0.09-1) ...
Setting up libphobos2-ldc-shared98:amd64 (1:1.28.0-1ubuntu1) ...
Setting up libfile-listing-perl (6.14-1) ...
Setting up alsa-ucm-conf (1.2.6.3-1ubuntu1) ...
Setting up libxtst6:amd64 (2:1.2.3-1build4) ...
Setting up libxcursor1:amd64 (1:1.2.0-2build4) ...
Setting up libgl1-mesa-dri:amd64 (22.0.5-0ubuntu0.1) ...
Setting up libavahi-common3:amd64 (0.8-5ubuntu5) ...
Setting up libnet-http-perl (6.22-1) ...
Setting up dconf-service (0.40.0-3) ...
Setting up libatk-bridge2.0-0:amd64 (2.38.0-3) ...
Setting up libthai0:amd64 (0.1.29-1build1) ...
Setting up libfile-desktopentry-perl (0.22-2) ...
Setting up libwww-robotrules-perl (6.02-1) ...
Setting up libgdk-pixbuf2.0-bin (2.42.8+dfsg-1ubuntu0.1) ...
Setting up libwayland-cursor0:amd64 (1.20.0-1ubuntu0.1) ...
Setting up libhtml-parser-perl:amd64 (3.76-1build2) ...
Setting up libsm6:amd64 (2:1.2.3-1build2) ...
Setting up libavahi-client3:amd64 (0.8-5ubuntu5) ...
Setting up libio-socket-ssl-perl (2.074-2) ...
Setting up libhttp-message-perl (6.36-1) ...
Setting up libhtml-form-perl (6.07-1) ...
Setting up libfile-mimeinfo-perl (0.31-1) ...
Setting up libhttp-negotiate-perl (6.01-1) ...
Setting up libglx-mesa0:amd64 (22.0.5-0ubuntu0.1) ...
Setting up libglx0:amd64 (1.4.0-1) ...
Setting up dconf-gsettings-backend:amd64 (0.40.0-3) ...
Setting up libhttp-cookies-perl (6.10-1) ...
Setting up libhtml-tree-perl (5.07-2) ...
Setting up libpango-1.0-0:amd64 (1.50.6+ds-2) ...
Setting up libhtml-format-perl (2.12-1.1) ...
Setting up libgl1:amd64 (1.4.0-1) ...
Setting up libnet-smtp-ssl-perl (1.04-1) ...
Setting up libmailtools-perl (2.21-1) ...
Setting up libxt6:amd64 (1:1.2.1-1) ...
Setting up libcups2:amd64 (2.4.1op1-1ubuntu4.1) ...
Setting up libhttp-daemon-perl (6.13-1ubuntu0.1) ...
Setting up libpangoft2-1.0-0:amd64 (1.50.6+ds-2) ...
Setting up libgtk-3-common (3.24.33-1ubuntu2) ...
Setting up libpangocairo-1.0-0:amd64 (1.50.6+ds-2) ...
Setting up gsettings-desktop-schemas (42.0-1ubuntu1) ...
Setting up libxmu6:amd64 (2:1.1.3-3) ...
Setting up libxaw7:amd64 (2:1.0.14-1) ...
Setting up x11-xserver-utils (7.7+9build1) ...
Setting up librsvg2-2:amd64 (2.52.5+dfsg-3) ...
Setting up librsvg2-common:amd64 (2.52.5+dfsg-3) ...
Setting up x11-utils (7.7+5build2) ...
Setting up libwww-perl (6.61-1) ...
Setting up adwaita-icon-theme (41.0-1ubuntu1) ...
update-alternatives: using /usr/share/icons/Adwaita/cursor.theme to provide /usr/share/icons/default/index.theme (x-cursor-theme) in auto mode
Setting up liblwp-protocol-https-perl (6.10-1) ...
Setting up libxml-parser-perl:amd64 (2.46-3build1) ...
Setting up libxml-twig-perl (1:3.52-1) ...
Setting up libnet-dbus-perl (1.2.0-1build3) ...
Setting up humanity-icon-theme (0.6.16) ...
Setting up ubuntu-mono (20.10-0ubuntu2) ...
Processing triggers for man-db (2.10.2-1) ...
Processing triggers for libglib2.0-0:amd64 (2.72.1-1) ...
Setting up libgtk-3-0:amd64 (3.24.33-1ubuntu2) ...
Processing triggers for libc-bin (2.35-0ubuntu3.1) ...
Setting up libgtk-3-bin (3.24.33-1ubuntu2) ...
Setting up libvte-2.91-0:amd64 (0.68.0-1) ...
Setting up libvted-3-0:amd64 (3.10.0-1ubuntu1) ...
Setting up at-spi2-core (2.44.0-3) ...
Setting up libgtkd-3-0:amd64 (3.10.0-1ubuntu1) ...
Setting up tilix (1.9.4-2build1) ...
update-alternatives: using /usr/bin/tilix.wrapper to provide /usr/bin/x-terminal-emulator (x-terminal-emulator) in auto mode
Setting up google-chrome-stable (106.0.5249.119-1) ...
update-alternatives: using /usr/bin/google-chrome-stable to provide /usr/bin/x-www-browser (x-www-browser) in auto mode
update-alternatives: using /usr/bin/google-chrome-stable to provide /usr/bin/gnome-www-browser (gnome-www-browser) in auto mode
update-alternatives: using /usr/bin/google-chrome-stable to provide /usr/bin/google-chrome (google-chrome) in auto mode
Processing triggers for libgdk-pixbuf-2.0-0:amd64 (2.42.8+dfsg-1ubuntu0.1) ...
Processing triggers for libc-bin (2.35-0ubuntu3.1) ...
needrestart is being skipped since dpkg has failed
ubuntu@ip-172-31-6-192:~/proj/hotgrab1/hotgrab$
ubuntu@ip-172-31-6-192:~/proj/hotgrab1/hotgrab$
ubuntu@ip-172-31-6-192:~/proj/hotgrab1/hotgrab$
ubuntu@ip-172-31-6-192:~/proj/hotgrab1/hotgrab$ sudo apt install ./google-chrome-stable_current_amd64.deb
Reading package lists... Done
Building dependency tree... Done
Reading state information... Done
Note, selecting 'google-chrome-stable' instead of './google-chrome-stable_current_amd64.deb'
google-chrome-stable is already the newest version (106.0.5249.119-1).
0 upgraded, 0 newly installed, 0 to remove and 31 not upgraded.
ubuntu@ip-172-31-6-192:~/proj/hotgrab1/hotgrab$ rome-stable' instead of './google-chrome-stable_current_amd64.deb'
google-chrome-stable is alre
> ^C
ubuntu@ip-172-31-6-192:~/proj/hotgrab1/hotgrab$
ubuntu@ip-172-31-6-192:~/proj/hotgrab1/hotgrab$
ubuntu@ip-172-31-6-192:~/proj/hotgrab1/hotgrab$ cat /etc/apt/sources.list.d/google-chrome.list
### THIS FILE IS AUTOMATICALLY CONFIGURED ###
# You may comment out this entry, but any other modifications may be lost.
deb [arch=amd64] https://dl.google.com/linux/chrome/deb/ stable main
ubuntu@ip-172-31-6-192:~/proj/hotgrab1/hotgrab$
ubuntu@ip-172-31-6-192:~/proj/hotgrab1/hotgrab$
ubuntu@ip-172-31-6-192:~/proj/hotgrab1/hotgrab$
ubuntu@ip-172-31-6-192:~/proj/hotgrab1/hotgrab$ python3 ./grab_test.py
./helper/chromedriver/chromedriver
Unable to connect to database

Work Log at 2022-10-13 04:35:04 .

Get Already!
HOTLINES - 1
WE FOUND DIV OF NUM - 33

++已完成写入./result/result20221013.csv文件的操作++
ubuntu@ip-172-31-6-192:~/proj/hotgrab1/hotgrab$ ls
__pycache__  google-chrome-stable_current_amd64.deb    grab_test.py  log.md  package.json  public  src       trendStore.py
dropped.py   google-chrome-stable_current_amd64.deb.1  helper        mvnw    pom.xml       result  trend.py
ubuntu@ip-172-31-6-192:~/proj/hotgrab1/hotgrab$ rm ./google-chrome-stable_current_amd64.deb.1
ubuntu@ip-172-31-6-192:~/proj/hotgrab1/hotgrab$ ls
__pycache__  google-chrome-stable_current_amd64.deb  helper  mvnw          pom.xml  result  trend.py
dropped.py   grab_test.py                            log.md  package.json  public   src     trendStore.py
ubuntu@ip-172-31-6-192:~/proj/hotgrab1/hotgrab$ cd result
ubuntu@ip-172-31-6-192:~/proj/hotgrab1/hotgrab/result$ ls
result20221010.csv  result20221012.csv  result20221013.csv
ubuntu@ip-172-31-6-192:~/proj/hotgrab1/hotgrab/result$ cd ..
ubuntu@ip-172-31-6-192:~/proj/hotgrab1/hotgrab$ ls
__pycache__  google-chrome-stable_current_amd64.deb  helper  mvnw          pom.xml  result  trend.py
dropped.py   grab_test.py                            log.md  package.json  public   src     trendStore.py
ubuntu@ip-172-31-6-192:~/proj/hotgrab1/hotgrab$ cd result/
ubuntu@ip-172-31-6-192:~/proj/hotgrab1/hotgrab/result$ ls
result20221010.csv  result20221012.csv  result20221013.csv
ubuntu@ip-172-31-6-192:~/proj/hotgrab1/hotgrab/result$ vim ./result20221013.csv
ubuntu@ip-172-31-6-192:~/proj/hotgrab1/hotgrab/result$
ubuntu@ip-172-31-6-192:~/proj/hotgrab1/hotgrab/result$
ubuntu@ip-172-31-6-192:~/proj/hotgrab1/hotgrab/result$ ls
result20221010.csv  result20221012.csv  result20221013.csv
ubuntu@ip-172-31-6-192:~/proj/hotgrab1/hotgrab/result$ cd ..
ubuntu@ip-172-31-6-192:~/proj/hotgrab1/hotgrab$ ls
__pycache__  google-chrome-stable_current_amd64.deb  helper  mvnw          pom.xml  result  trend.py
dropped.py   grab_test.py                            log.md  package.json  public   src     trendStore.py
ubuntu@ip-172-31-6-192:~/proj/hotgrab1/hotgrab$ cd ..
ubuntu@ip-172-31-6-192:~/proj/hotgrab1$ ls
hotgrab
ubuntu@ip-172-31-6-192:~/proj/hotgrab1$ cd ..
ubuntu@ip-172-31-6-192:~/proj$ mkdir config
ubuntu@ip-172-31-6-192:~/proj$ l
config/  hotgrab1/
ubuntu@ip-172-31-6-192:~/proj$ ls
config  hotgrab1
ubuntu@ip-172-31-6-192:~/proj$ sudo apt update
Hit:1 http://us-west-2.ec2.archive.ubuntu.com/ubuntu jammy InRelease
Get:2 http://us-west-2.ec2.archive.ubuntu.com/ubuntu jammy-updates InRelease [114 kB]
Get:3 http://us-west-2.ec2.archive.ubuntu.com/ubuntu jammy-backports InRelease [99.8 kB]
Get:4 https://dl.google.com/linux/chrome/deb stable InRelease [1811 B]
Get:5 http://security.ubuntu.com/ubuntu jammy-security InRelease [110 kB]
Get:6 https://dl.google.com/linux/chrome/deb stable/main amd64 Packages [1095 B]
Fetched 327 kB in 1s (344 kB/s)
Reading package lists... Done
Building dependency tree... Done
Reading state information... Done
31 packages can be upgraded. Run 'apt list --upgradable' to see them.
ubuntu@ip-172-31-6-192:~/proj$ sudo apt install mysql-server
Reading package lists... Done
Building dependency tree... Done
Reading state information... Done
The following additional packages will be installed:
  libcgi-fast-perl libcgi-pm-perl libevent-pthreads-2.1-7 libfcgi-bin libfcgi-perl libfcgi0ldbl libhtml-template-perl libmecab2
  libprotobuf-lite23 mecab-ipadic mecab-ipadic-utf8 mecab-utils mysql-client-8.0 mysql-client-core-8.0 mysql-common mysql-server-8.0
  mysql-server-core-8.0
Suggested packages:
  libipc-sharedcache-perl mailx tinyca
The following NEW packages will be installed:
  libcgi-fast-perl libcgi-pm-perl libevent-pthreads-2.1-7 libfcgi-bin libfcgi-perl libfcgi0ldbl libhtml-template-perl libmecab2
  libprotobuf-lite23 mecab-ipadic mecab-ipadic-utf8 mecab-utils mysql-client-8.0 mysql-client-core-8.0 mysql-common mysql-server
  mysql-server-8.0 mysql-server-core-8.0
0 upgraded, 18 newly installed, 0 to remove and 31 not upgraded.
Need to get 28.9 MB of archives.
After this operation, 241 MB of additional disk space will be used.
Do you want to continue? [Y/n] Y
Get:1 http://us-west-2.ec2.archive.ubuntu.com/ubuntu jammy/main amd64 mysql-common all 5.8+1.0.8 [7212 B]
Get:2 http://us-west-2.ec2.archive.ubuntu.com/ubuntu jammy-updates/main amd64 mysql-client-core-8.0 amd64 8.0.30-0ubuntu0.22.04.1 [2757 kB]
Get:3 http://us-west-2.ec2.archive.ubuntu.com/ubuntu jammy-updates/main amd64 mysql-client-8.0 amd64 8.0.30-0ubuntu0.22.04.1 [22.7 kB]
Get:4 http://us-west-2.ec2.archive.ubuntu.com/ubuntu jammy/main amd64 libevent-pthreads-2.1-7 amd64 2.1.12-stable-1build3 [7642 B]
Get:5 http://us-west-2.ec2.archive.ubuntu.com/ubuntu jammy/main amd64 libmecab2 amd64 0.996-14build9 [199 kB]
Get:6 http://us-west-2.ec2.archive.ubuntu.com/ubuntu jammy/main amd64 libprotobuf-lite23 amd64 3.12.4-1ubuntu7 [208 kB]
Get:7 http://us-west-2.ec2.archive.ubuntu.com/ubuntu jammy-updates/main amd64 mysql-server-core-8.0 amd64 8.0.30-0ubuntu0.22.04.1 [17.3 MB]
Get:8 http://us-west-2.ec2.archive.ubuntu.com/ubuntu jammy-updates/main amd64 mysql-server-8.0 amd64 8.0.30-0ubuntu0.22.04.1 [1411 kB]
Get:9 http://us-west-2.ec2.archive.ubuntu.com/ubuntu jammy/main amd64 libcgi-pm-perl all 4.54-1 [188 kB]
Get:10 http://us-west-2.ec2.archive.ubuntu.com/ubuntu jammy/main amd64 libfcgi0ldbl amd64 2.4.2-2build2 [28.0 kB]
Get:11 http://us-west-2.ec2.archive.ubuntu.com/ubuntu jammy/main amd64 libfcgi-perl amd64 0.82+ds-1build1 [22.8 kB]
Get:12 http://us-west-2.ec2.archive.ubuntu.com/ubuntu jammy/main amd64 libcgi-fast-perl all 1:2.15-1 [10.5 kB]
Get:13 http://us-west-2.ec2.archive.ubuntu.com/ubuntu jammy/main amd64 libfcgi-bin amd64 2.4.2-2build2 [11.2 kB]
Get:14 http://us-west-2.ec2.archive.ubuntu.com/ubuntu jammy/main amd64 libhtml-template-perl all 2.97-1.1 [59.1 kB]
Get:15 http://us-west-2.ec2.archive.ubuntu.com/ubuntu jammy/main amd64 mecab-utils amd64 0.996-14build9 [4850 B]
Get:16 http://us-west-2.ec2.archive.ubuntu.com/ubuntu jammy/main amd64 mecab-ipadic all 2.7.0-20070801+main-3 [6718 kB]
Get:17 http://us-west-2.ec2.archive.ubuntu.com/ubuntu jammy/main amd64 mecab-ipadic-utf8 all 2.7.0-20070801+main-3 [4384 B]
Get:18 http://us-west-2.ec2.archive.ubuntu.com/ubuntu jammy-updates/main amd64 mysql-server all 8.0.30-0ubuntu0.22.04.1 [9542 B]
Fetched 28.9 MB in 1s (29.2 MB/s)
Preconfiguring packages ...
Selecting previously unselected package mysql-common.
(Reading database ... 87006 files and directories currently installed.)
Preparing to unpack .../0-mysql-common_5.8+1.0.8_all.deb ...
Unpacking mysql-common (5.8+1.0.8) ...
Selecting previously unselected package mysql-client-core-8.0.
Preparing to unpack .../1-mysql-client-core-8.0_8.0.30-0ubuntu0.22.04.1_amd64.deb ...
Unpacking mysql-client-core-8.0 (8.0.30-0ubuntu0.22.04.1) ...
Selecting previously unselected package mysql-client-8.0.
Preparing to unpack .../2-mysql-client-8.0_8.0.30-0ubuntu0.22.04.1_amd64.deb ...
Unpacking mysql-client-8.0 (8.0.30-0ubuntu0.22.04.1) ...
Selecting previously unselected package libevent-pthreads-2.1-7:amd64.
Preparing to unpack .../3-libevent-pthreads-2.1-7_2.1.12-stable-1build3_amd64.deb ...
Unpacking libevent-pthreads-2.1-7:amd64 (2.1.12-stable-1build3) ...
Selecting previously unselected package libmecab2:amd64.
Preparing to unpack .../4-libmecab2_0.996-14build9_amd64.deb ...
Unpacking libmecab2:amd64 (0.996-14build9) ...
Selecting previously unselected package libprotobuf-lite23:amd64.
Preparing to unpack .../5-libprotobuf-lite23_3.12.4-1ubuntu7_amd64.deb ...
Unpacking libprotobuf-lite23:amd64 (3.12.4-1ubuntu7) ...
Selecting previously unselected package mysql-server-core-8.0.
Preparing to unpack .../6-mysql-server-core-8.0_8.0.30-0ubuntu0.22.04.1_amd64.deb ...
Unpacking mysql-server-core-8.0 (8.0.30-0ubuntu0.22.04.1) ...
Setting up mysql-common (5.8+1.0.8) ...
update-alternatives: using /etc/mysql/my.cnf.fallback to provide /etc/mysql/my.cnf (my.cnf) in auto mode
Selecting previously unselected package mysql-server-8.0.
(Reading database ... 87226 files and directories currently installed.)
Preparing to unpack .../00-mysql-server-8.0_8.0.30-0ubuntu0.22.04.1_amd64.deb ...
Unpacking mysql-server-8.0 (8.0.30-0ubuntu0.22.04.1) ...
Selecting previously unselected package libcgi-pm-perl.
Preparing to unpack .../01-libcgi-pm-perl_4.54-1_all.deb ...
Unpacking libcgi-pm-perl (4.54-1) ...
Selecting previously unselected package libfcgi0ldbl:amd64.
Preparing to unpack .../02-libfcgi0ldbl_2.4.2-2build2_amd64.deb ...
Unpacking libfcgi0ldbl:amd64 (2.4.2-2build2) ...
Selecting previously unselected package libfcgi-perl:amd64.
Preparing to unpack .../03-libfcgi-perl_0.82+ds-1build1_amd64.deb ...
Unpacking libfcgi-perl:amd64 (0.82+ds-1build1) ...
Selecting previously unselected package libcgi-fast-perl.
Preparing to unpack .../04-libcgi-fast-perl_1%3a2.15-1_all.deb ...
Unpacking libcgi-fast-perl (1:2.15-1) ...
Selecting previously unselected package libfcgi-bin.
Preparing to unpack .../05-libfcgi-bin_2.4.2-2build2_amd64.deb ...
Unpacking libfcgi-bin (2.4.2-2build2) ...
Selecting previously unselected package libhtml-template-perl.
Preparing to unpack .../06-libhtml-template-perl_2.97-1.1_all.deb ...
Unpacking libhtml-template-perl (2.97-1.1) ...
Selecting previously unselected package mecab-utils.
Preparing to unpack .../07-mecab-utils_0.996-14build9_amd64.deb ...
Unpacking mecab-utils (0.996-14build9) ...
Selecting previously unselected package mecab-ipadic.
Preparing to unpack .../08-mecab-ipadic_2.7.0-20070801+main-3_all.deb ...
Unpacking mecab-ipadic (2.7.0-20070801+main-3) ...
Selecting previously unselected package mecab-ipadic-utf8.
Preparing to unpack .../09-mecab-ipadic-utf8_2.7.0-20070801+main-3_all.deb ...
Unpacking mecab-ipadic-utf8 (2.7.0-20070801+main-3) ...
Selecting previously unselected package mysql-server.
Preparing to unpack .../10-mysql-server_8.0.30-0ubuntu0.22.04.1_all.deb ...
Unpacking mysql-server (8.0.30-0ubuntu0.22.04.1) ...
Setting up libmecab2:amd64 (0.996-14build9) ...
Setting up mysql-client-core-8.0 (8.0.30-0ubuntu0.22.04.1) ...
Setting up libfcgi0ldbl:amd64 (2.4.2-2build2) ...
Setting up libcgi-pm-perl (4.54-1) ...
Setting up libfcgi-bin (2.4.2-2build2) ...
Setting up libhtml-template-perl (2.97-1.1) ...
Setting up libprotobuf-lite23:amd64 (3.12.4-1ubuntu7) ...
Setting up mecab-utils (0.996-14build9) ...
Setting up mysql-client-8.0 (8.0.30-0ubuntu0.22.04.1) ...
Setting up libfcgi-perl:amd64 (0.82+ds-1build1) ...
Setting up libevent-pthreads-2.1-7:amd64 (2.1.12-stable-1build3) ...
Setting up mecab-ipadic (2.7.0-20070801+main-3) ...
Compiling IPA dictionary for Mecab.  This takes long time...
reading /usr/share/mecab/dic/ipadic/unk.def ... 40
emitting double-array: 100% |###########################################|
/usr/share/mecab/dic/ipadic/model.def is not found. skipped.
reading /usr/share/mecab/dic/ipadic/Noun.nai.csv ... 42
reading /usr/share/mecab/dic/ipadic/Adj.csv ... 27210
reading /usr/share/mecab/dic/ipadic/Noun.adjv.csv ... 3328
reading /usr/share/mecab/dic/ipadic/Adnominal.csv ... 135
reading /usr/share/mecab/dic/ipadic/Noun.verbal.csv ... 12146
reading /usr/share/mecab/dic/ipadic/Auxil.csv ... 199
reading /usr/share/mecab/dic/ipadic/Conjunction.csv ... 171
reading /usr/share/mecab/dic/ipadic/Adverb.csv ... 3032
reading /usr/share/mecab/dic/ipadic/Noun.place.csv ... 72999
reading /usr/share/mecab/dic/ipadic/Postp.csv ... 146
reading /usr/share/mecab/dic/ipadic/Verb.csv ... 130750
reading /usr/share/mecab/dic/ipadic/Noun.others.csv ... 151
reading /usr/share/mecab/dic/ipadic/Interjection.csv ... 252
reading /usr/share/mecab/dic/ipadic/Suffix.csv ... 1393
reading /usr/share/mecab/dic/ipadic/Noun.number.csv ... 42
reading /usr/share/mecab/dic/ipadic/Prefix.csv ... 221
reading /usr/share/mecab/dic/ipadic/Filler.csv ... 19
reading /usr/share/mecab/dic/ipadic/Others.csv ... 2
reading /usr/share/mecab/dic/ipadic/Symbol.csv ... 208
reading /usr/share/mecab/dic/ipadic/Noun.name.csv ... 34202
reading /usr/share/mecab/dic/ipadic/Noun.org.csv ... 16668
reading /usr/share/mecab/dic/ipadic/Noun.demonst.csv ... 120
reading /usr/share/mecab/dic/ipadic/Noun.csv ... 60477
reading /usr/share/mecab/dic/ipadic/Noun.adverbal.csv ... 795
reading /usr/share/mecab/dic/ipadic/Postp-col.csv ... 91
reading /usr/share/mecab/dic/ipadic/Noun.proper.csv ... 27328
emitting double-array: 100% |###########################################|
reading /usr/share/mecab/dic/ipadic/matrix.def ... 1316x1316
emitting matrix      : 100% |###########################################|

done!
update-alternatives: using /var/lib/mecab/dic/ipadic to provide /var/lib/mecab/dic/debian (mecab-dictionary) in auto mode
Setting up libcgi-fast-perl (1:2.15-1) ...
Setting up mysql-server-core-8.0 (8.0.30-0ubuntu0.22.04.1) ...
Setting up mecab-ipadic-utf8 (2.7.0-20070801+main-3) ...
Compiling IPA dictionary for Mecab.  This takes long time...
reading /usr/share/mecab/dic/ipadic/unk.def ... 40
emitting double-array: 100% |###########################################|
/usr/share/mecab/dic/ipadic/model.def is not found. skipped.
reading /usr/share/mecab/dic/ipadic/Noun.nai.csv ... 42
reading /usr/share/mecab/dic/ipadic/Adj.csv ... 27210
reading /usr/share/mecab/dic/ipadic/Noun.adjv.csv ... 3328
reading /usr/share/mecab/dic/ipadic/Adnominal.csv ... 135
reading /usr/share/mecab/dic/ipadic/Noun.verbal.csv ... 12146
reading /usr/share/mecab/dic/ipadic/Auxil.csv ... 199
reading /usr/share/mecab/dic/ipadic/Conjunction.csv ... 171
reading /usr/share/mecab/dic/ipadic/Adverb.csv ... 3032
reading /usr/share/mecab/dic/ipadic/Noun.place.csv ... 72999
reading /usr/share/mecab/dic/ipadic/Postp.csv ... 146
reading /usr/share/mecab/dic/ipadic/Verb.csv ... 130750
reading /usr/share/mecab/dic/ipadic/Noun.others.csv ... 151
reading /usr/share/mecab/dic/ipadic/Interjection.csv ... 252
reading /usr/share/mecab/dic/ipadic/Suffix.csv ... 1393
reading /usr/share/mecab/dic/ipadic/Noun.number.csv ... 42
reading /usr/share/mecab/dic/ipadic/Prefix.csv ... 221
reading /usr/share/mecab/dic/ipadic/Filler.csv ... 19
reading /usr/share/mecab/dic/ipadic/Others.csv ... 2
reading /usr/share/mecab/dic/ipadic/Symbol.csv ... 208
reading /usr/share/mecab/dic/ipadic/Noun.name.csv ... 34202
reading /usr/share/mecab/dic/ipadic/Noun.org.csv ... 16668
reading /usr/share/mecab/dic/ipadic/Noun.demonst.csv ... 120
reading /usr/share/mecab/dic/ipadic/Noun.csv ... 60477
reading /usr/share/mecab/dic/ipadic/Noun.adverbal.csv ... 795
reading /usr/share/mecab/dic/ipadic/Postp-col.csv ... 91
reading /usr/share/mecab/dic/ipadic/Noun.proper.csv ... 27328
emitting double-array: 100% |###########################################|
reading /usr/share/mecab/dic/ipadic/matrix.def ... 1316x1316
emitting matrix      : 100% |###########################################|

done!
update-alternatives: using /var/lib/mecab/dic/ipadic-utf8 to provide /var/lib/mecab/dic/debian (mecab-dictionary) in auto mode
Setting up mysql-server-8.0 (8.0.30-0ubuntu0.22.04.1) ...
update-alternatives: using /etc/mysql/mysql.cnf to provide /etc/mysql/my.cnf (my.cnf) in auto mode
Renaming removed key_buffer and myisam-recover options (if present)
mysqld will log errors to /var/log/mysql/error.log
mysqld is running as pid 7481
Created symlink /etc/systemd/system/multi-user.target.wants/mysql.service → /lib/systemd/system/mysql.service.
Setting up mysql-server (8.0.30-0ubuntu0.22.04.1) ...
Processing triggers for man-db (2.10.2-1) ...
Processing triggers for libc-bin (2.35-0ubuntu3.1) ...
Scanning processes...
Scanning candidates...
Scanning linux images...

Running kernel seems to be up-to-date.

Restarting services...
Service restarts being deferred:
 systemctl restart networkd-dispatcher.service
 systemctl restart unattended-upgrades.service

No containers need to be restarted.

No user sessions are running outdated binaries.

No VM guests are running outdated hypervisor (qemu) binaries on this host.
ubuntu@ip-172-31-6-192:~/proj$ sudo systemctl status mysql
● mysql.service - MySQL Community Server
     Loaded: loaded (/lib/systemd/system/mysql.service; enabled; vendor preset: enabled)
     Active: active (running) since Thu 2022-10-13 06:03:26 UTC; 1min 9s ago
    Process: 7686 ExecStartPre=/usr/share/mysql/mysql-systemd-start pre (code=exited, status=0/SUCCESS)
   Main PID: 7694 (mysqld)
     Status: "Server is operational"
      Tasks: 38 (limit: 1143)
     Memory: 355.0M
        CPU: 1.203s
     CGroup: /system.slice/mysql.service
             └─7694 /usr/sbin/mysqld

Oct 13 06:03:25 ip-172-31-6-192 systemd[1]: Starting MySQL Community Server...
Oct 13 06:03:26 ip-172-31-6-192 systemd[1]: Started MySQL Community Server.
ubuntu@ip-172-31-6-192:~/proj$
ubuntu@ip-172-31-6-192:~/proj$
